{"C:\\Users\\rmeji\\Documents\\GitHub\\swim-school-scheduler\\src\\App.tsx": {"path":"C:\\Users\\rmeji\\Documents\\GitHub\\swim-school-scheduler\\src\\App.tsx","all":true,"statementMap":{"0":{"start":{"line":1,"column":0},"end":{"line":1,"column":44}},"1":{"start":{"line":2,"column":0},"end":{"line":2,"column":41}},"3":{"start":{"line":4,"column":0},"end":{"line":4,"column":57}},"4":{"start":{"line":5,"column":0},"end":{"line":5,"column":57}},"5":{"start":{"line":6,"column":0},"end":{"line":6,"column":19}},"6":{"start":{"line":7,"column":0},"end":{"line":7,"column":69}},"11":{"start":{"line":12,"column":0},"end":{"line":12,"column":16}},"12":{"start":{"line":13,"column":0},"end":{"line":13,"column":85}},"13":{"start":{"line":14,"column":0},"end":{"line":14,"column":70}},"14":{"start":{"line":15,"column":0},"end":{"line":15,"column":87}},"15":{"start":{"line":16,"column":0},"end":{"line":16,"column":39}},"16":{"start":{"line":17,"column":0},"end":{"line":17,"column":35}},"17":{"start":{"line":18,"column":0},"end":{"line":18,"column":5}},"18":{"start":{"line":19,"column":0},"end":{"line":19,"column":70}},"19":{"start":{"line":20,"column":0},"end":{"line":20,"column":80}},"21":{"start":{"line":22,"column":0},"end":{"line":22,"column":73}},"23":{"start":{"line":24,"column":0},"end":{"line":24,"column":19}},"24":{"start":{"line":25,"column":0},"end":{"line":25,"column":34}},"25":{"start":{"line":26,"column":0},"end":{"line":26,"column":28}},"26":{"start":{"line":27,"column":0},"end":{"line":27,"column":27}},"27":{"start":{"line":28,"column":0},"end":{"line":28,"column":11}},"28":{"start":{"line":29,"column":0},"end":{"line":29,"column":36}},"29":{"start":{"line":30,"column":0},"end":{"line":30,"column":34}},"30":{"start":{"line":31,"column":0},"end":{"line":31,"column":46}},"31":{"start":{"line":32,"column":0},"end":{"line":32,"column":86}},"32":{"start":{"line":33,"column":0},"end":{"line":33,"column":21}},"33":{"start":{"line":34,"column":0},"end":{"line":34,"column":113}},"34":{"start":{"line":35,"column":0},"end":{"line":35,"column":17}},"35":{"start":{"line":36,"column":0},"end":{"line":36,"column":55}},"36":{"start":{"line":37,"column":0},"end":{"line":37,"column":7}},"37":{"start":{"line":38,"column":0},"end":{"line":38,"column":5}},"38":{"start":{"line":39,"column":0},"end":{"line":39,"column":11}},"39":{"start":{"line":40,"column":0},"end":{"line":40,"column":18}},"40":{"start":{"line":41,"column":0},"end":{"line":41,"column":25}},"41":{"start":{"line":42,"column":0},"end":{"line":42,"column":6}},"42":{"start":{"line":43,"column":0},"end":{"line":43,"column":25}},"44":{"start":{"line":45,"column":0},"end":{"line":45,"column":63}},"45":{"start":{"line":46,"column":0},"end":{"line":46,"column":30}},"46":{"start":{"line":47,"column":0},"end":{"line":47,"column":33}},"47":{"start":{"line":48,"column":0},"end":{"line":48,"column":4}},"49":{"start":{"line":50,"column":0},"end":{"line":50,"column":75}},"50":{"start":{"line":51,"column":0},"end":{"line":51,"column":53}},"51":{"start":{"line":52,"column":0},"end":{"line":52,"column":53}},"52":{"start":{"line":53,"column":0},"end":{"line":53,"column":33}},"53":{"start":{"line":54,"column":0},"end":{"line":54,"column":4}},"55":{"start":{"line":56,"column":0},"end":{"line":56,"column":31}},"56":{"start":{"line":57,"column":0},"end":{"line":57,"column":28}},"57":{"start":{"line":58,"column":0},"end":{"line":58,"column":23}},"58":{"start":{"line":59,"column":0},"end":{"line":59,"column":16}},"59":{"start":{"line":60,"column":0},"end":{"line":60,"column":37}},"60":{"start":{"line":61,"column":0},"end":{"line":61,"column":75}},"61":{"start":{"line":62,"column":0},"end":{"line":62,"column":34}},"62":{"start":{"line":63,"column":0},"end":{"line":63,"column":78}},"63":{"start":{"line":64,"column":0},"end":{"line":64,"column":74}},"64":{"start":{"line":65,"column":0},"end":{"line":65,"column":20}},"66":{"start":{"line":67,"column":0},"end":{"line":67,"column":67}},"67":{"start":{"line":68,"column":0},"end":{"line":68,"column":65}},"68":{"start":{"line":69,"column":0},"end":{"line":69,"column":95}},"69":{"start":{"line":70,"column":0},"end":{"line":70,"column":39}},"70":{"start":{"line":71,"column":0},"end":{"line":71,"column":61}},"72":{"start":{"line":73,"column":0},"end":{"line":73,"column":90}},"74":{"start":{"line":75,"column":0},"end":{"line":75,"column":20}},"75":{"start":{"line":76,"column":0},"end":{"line":76,"column":65}},"76":{"start":{"line":77,"column":0},"end":{"line":77,"column":98}},"77":{"start":{"line":78,"column":0},"end":{"line":78,"column":71}},"78":{"start":{"line":79,"column":0},"end":{"line":79,"column":20}},"79":{"start":{"line":80,"column":0},"end":{"line":80,"column":65}},"80":{"start":{"line":81,"column":0},"end":{"line":81,"column":92}},"81":{"start":{"line":82,"column":0},"end":{"line":82,"column":72}},"82":{"start":{"line":83,"column":0},"end":{"line":83,"column":20}},"83":{"start":{"line":84,"column":0},"end":{"line":84,"column":18}},"84":{"start":{"line":85,"column":0},"end":{"line":85,"column":16}},"86":{"start":{"line":87,"column":0},"end":{"line":87,"column":22}},"87":{"start":{"line":88,"column":0},"end":{"line":88,"column":16}},"88":{"start":{"line":89,"column":0},"end":{"line":89,"column":37}},"89":{"start":{"line":90,"column":0},"end":{"line":90,"column":74}},"90":{"start":{"line":91,"column":0},"end":{"line":91,"column":63}},"91":{"start":{"line":92,"column":0},"end":{"line":92,"column":81}},"92":{"start":{"line":93,"column":0},"end":{"line":93,"column":18}},"93":{"start":{"line":94,"column":0},"end":{"line":94,"column":16}},"95":{"start":{"line":96,"column":0},"end":{"line":96,"column":25}},"96":{"start":{"line":97,"column":0},"end":{"line":97,"column":16}},"97":{"start":{"line":98,"column":0},"end":{"line":98,"column":37}},"98":{"start":{"line":99,"column":0},"end":{"line":99,"column":63}},"99":{"start":{"line":100,"column":0},"end":{"line":100,"column":79}},"100":{"start":{"line":101,"column":0},"end":{"line":101,"column":21}},"101":{"start":{"line":102,"column":0},"end":{"line":102,"column":59}},"102":{"start":{"line":103,"column":0},"end":{"line":103,"column":120}},"103":{"start":{"line":104,"column":0},"end":{"line":104,"column":15}},"105":{"start":{"line":106,"column":0},"end":{"line":106,"column":23}},"106":{"start":{"line":107,"column":0},"end":{"line":107,"column":18}},"107":{"start":{"line":108,"column":0},"end":{"line":108,"column":35}},"108":{"start":{"line":109,"column":0},"end":{"line":109,"column":29}},"109":{"start":{"line":110,"column":0},"end":{"line":110,"column":51}},"110":{"start":{"line":111,"column":0},"end":{"line":111,"column":61}},"111":{"start":{"line":112,"column":0},"end":{"line":112,"column":16}},"113":{"start":{"line":114,"column":0},"end":{"line":114,"column":32}},"115":{"start":{"line":116,"column":0},"end":{"line":116,"column":16}},"117":{"start":{"line":118,"column":0},"end":{"line":118,"column":21}},"118":{"start":{"line":119,"column":0},"end":{"line":119,"column":16}},"119":{"start":{"line":120,"column":0},"end":{"line":120,"column":37}},"120":{"start":{"line":121,"column":0},"end":{"line":121,"column":73}},"121":{"start":{"line":122,"column":0},"end":{"line":122,"column":63}},"122":{"start":{"line":123,"column":0},"end":{"line":123,"column":79}},"123":{"start":{"line":124,"column":0},"end":{"line":124,"column":18}},"124":{"start":{"line":125,"column":0},"end":{"line":125,"column":16}},"126":{"start":{"line":127,"column":0},"end":{"line":127,"column":14}},"127":{"start":{"line":128,"column":0},"end":{"line":128,"column":20}},"128":{"start":{"line":129,"column":0},"end":{"line":129,"column":5}},"129":{"start":{"line":130,"column":0},"end":{"line":130,"column":4}},"131":{"start":{"line":132,"column":0},"end":{"line":132,"column":10}},"132":{"start":{"line":133,"column":0},"end":{"line":133,"column":80}},"133":{"start":{"line":134,"column":0},"end":{"line":134,"column":23}},"134":{"start":{"line":135,"column":0},"end":{"line":135,"column":13}},"136":{"start":{"line":137,"column":0},"end":{"line":137,"column":1}},"138":{"start":{"line":139,"column":0},"end":{"line":139,"column":19}}},"s":{"0":0,"1":0,"3":0,"4":0,"5":0,"6":0,"11":0,"12":0,"13":0,"14":0,"15":0,"16":0,"17":0,"18":0,"19":0,"21":0,"23":0,"24":0,"25":0,"26":0,"27":0,"28":0,"29":0,"30":0,"31":0,"32":0,"33":0,"34":0,"35":0,"36":0,"37":0,"38":0,"39":0,"40":0,"41":0,"42":0,"44":0,"45":0,"46":0,"47":0,"49":0,"50":0,"51":0,"52":0,"53":0,"55":0,"56":0,"57":0,"58":0,"59":0,"60":0,"61":0,"62":0,"63":0,"64":0,"66":0,"67":0,"68":0,"69":0,"70":0,"72":0,"74":0,"75":0,"76":0,"77":0,"78":0,"79":0,"80":0,"81":0,"82":0,"83":0,"84":0,"86":0,"87":0,"88":0,"89":0,"90":0,"91":0,"92":0,"93":0,"95":0,"96":0,"97":0,"98":0,"99":0,"100":0,"101":0,"102":0,"103":0,"105":0,"106":0,"107":0,"108":0,"109":0,"110":0,"111":0,"113":0,"115":0,"117":0,"118":0,"119":0,"120":0,"121":0,"122":0,"123":0,"124":0,"126":0,"127":0,"128":0,"129":0,"131":0,"132":0,"133":0,"134":0,"136":0,"138":0},"branchMap":{"0":{"type":"branch","line":1,"loc":{"start":{"line":1,"column":5334},"end":{"line":139,"column":19}},"locations":[{"start":{"line":1,"column":5334},"end":{"line":139,"column":19}}]}},"b":{"0":[0]},"fnMap":{"0":{"name":"(empty-report)","decl":{"start":{"line":1,"column":5334},"end":{"line":139,"column":19}},"loc":{"start":{"line":1,"column":5334},"end":{"line":139,"column":19}},"line":1}},"f":{"0":0}}
,"C:\\Users\\rmeji\\Documents\\GitHub\\swim-school-scheduler\\src\\main.tsx": {"path":"C:\\Users\\rmeji\\Documents\\GitHub\\swim-school-scheduler\\src\\main.tsx","all":true,"statementMap":{"0":{"start":{"line":1,"column":0},"end":{"line":1,"column":34}},"1":{"start":{"line":2,"column":0},"end":{"line":2,"column":45}},"2":{"start":{"line":3,"column":0},"end":{"line":3,"column":20}},"3":{"start":{"line":4,"column":0},"end":{"line":4,"column":27}},"5":{"start":{"line":6,"column":0},"end":{"line":6,"column":52}},"6":{"start":{"line":7,"column":0},"end":{"line":7,"column":14}},"7":{"start":{"line":8,"column":0},"end":{"line":8,"column":11}},"8":{"start":{"line":9,"column":0},"end":{"line":9,"column":16}},"9":{"start":{"line":10,"column":0},"end":{"line":10,"column":1}}},"s":{"0":0,"1":0,"2":0,"3":0,"5":0,"6":0,"7":0,"8":0,"9":0},"branchMap":{"0":{"type":"branch","line":1,"loc":{"start":{"line":1,"column":210},"end":{"line":10,"column":-156}},"locations":[{"start":{"line":1,"column":210},"end":{"line":10,"column":-156}}]}},"b":{"0":[0]},"fnMap":{"0":{"name":"(empty-report)","decl":{"start":{"line":1,"column":210},"end":{"line":10,"column":-156}},"loc":{"start":{"line":1,"column":210},"end":{"line":10,"column":-156}},"line":1}},"f":{"0":0}}
,"C:\\Users\\rmeji\\Documents\\GitHub\\swim-school-scheduler\\src\\components\\AppointmentsTable.tsx": {"path":"C:\\Users\\rmeji\\Documents\\GitHub\\swim-school-scheduler\\src\\components\\AppointmentsTable.tsx","all":false,"statementMap":{"0":{"start":{"line":1,"column":0},"end":{"line":1,"column":26}},"20":{"start":{"line":21,"column":0},"end":{"line":21,"column":78}},"21":{"start":{"line":22,"column":0},"end":{"line":22,"column":63}},"23":{"start":{"line":24,"column":0},"end":{"line":24,"column":10}},"24":{"start":{"line":25,"column":0},"end":{"line":25,"column":89}},"25":{"start":{"line":26,"column":0},"end":{"line":26,"column":42}},"26":{"start":{"line":27,"column":0},"end":{"line":27,"column":15}},"27":{"start":{"line":28,"column":0},"end":{"line":28,"column":40}},"28":{"start":{"line":29,"column":0},"end":{"line":29,"column":42}},"29":{"start":{"line":30,"column":0},"end":{"line":30,"column":50}},"30":{"start":{"line":31,"column":0},"end":{"line":31,"column":48}},"31":{"start":{"line":32,"column":0},"end":{"line":32,"column":43}},"32":{"start":{"line":33,"column":0},"end":{"line":33,"column":47}},"33":{"start":{"line":34,"column":0},"end":{"line":34,"column":15}},"34":{"start":{"line":35,"column":0},"end":{"line":35,"column":16}},"35":{"start":{"line":36,"column":0},"end":{"line":36,"column":15}},"36":{"start":{"line":37,"column":0},"end":{"line":37,"column":23}},"37":{"start":{"line":38,"column":0},"end":{"line":38,"column":16}},"38":{"start":{"line":39,"column":0},"end":{"line":39,"column":73}},"40":{"start":{"line":41,"column":0},"end":{"line":41,"column":19}},"41":{"start":{"line":42,"column":0},"end":{"line":42,"column":17}},"43":{"start":{"line":44,"column":0},"end":{"line":44,"column":37}},"44":{"start":{"line":45,"column":0},"end":{"line":45,"column":49}},"45":{"start":{"line":46,"column":0},"end":{"line":46,"column":56}},"46":{"start":{"line":47,"column":0},"end":{"line":47,"column":63}},"47":{"start":{"line":48,"column":0},"end":{"line":48,"column":62}},"48":{"start":{"line":49,"column":0},"end":{"line":49,"column":57}},"49":{"start":{"line":50,"column":0},"end":{"line":50,"column":60}},"50":{"start":{"line":51,"column":0},"end":{"line":51,"column":19}},"51":{"start":{"line":52,"column":0},"end":{"line":52,"column":14}},"53":{"start":{"line":54,"column":0},"end":{"line":54,"column":16}},"54":{"start":{"line":55,"column":0},"end":{"line":55,"column":14}},"55":{"start":{"line":56,"column":0},"end":{"line":56,"column":10}},"57":{"start":{"line":58,"column":0},"end":{"line":58,"column":2}},"59":{"start":{"line":60,"column":0},"end":{"line":60,"column":33}}},"s":{"0":1,"20":1,"21":6,"23":6,"24":6,"25":6,"26":6,"27":6,"28":6,"29":6,"30":6,"31":6,"32":6,"33":6,"34":6,"35":6,"36":6,"37":2,"38":2,"40":2,"41":2,"43":4,"44":6,"45":6,"46":6,"47":6,"48":6,"49":6,"50":6,"51":4,"53":6,"54":6,"55":6,"57":6,"59":1},"branchMap":{"0":{"type":"branch","line":21,"loc":{"start":{"line":21,"column":60},"end":{"line":58,"column":2}},"locations":[{"start":{"line":21,"column":60},"end":{"line":58,"column":2}}]},"1":{"type":"branch","line":37,"loc":{"start":{"line":37,"column":12},"end":{"line":42,"column":17}},"locations":[{"start":{"line":37,"column":12},"end":{"line":42,"column":17}}]},"2":{"type":"branch","line":42,"loc":{"start":{"line":42,"column":12},"end":{"line":52,"column":14}},"locations":[{"start":{"line":42,"column":12},"end":{"line":52,"column":14}}]},"3":{"type":"branch","line":44,"loc":{"start":{"line":44,"column":24},"end":{"line":51,"column":19}},"locations":[{"start":{"line":44,"column":24},"end":{"line":51,"column":19}}]},"4":{"type":"branch","line":46,"loc":{"start":{"line":46,"column":40},"end":{"line":46,"column":51}},"locations":[{"start":{"line":46,"column":40},"end":{"line":46,"column":51}}]},"5":{"type":"branch","line":47,"loc":{"start":{"line":47,"column":40},"end":{"line":47,"column":58}},"locations":[{"start":{"line":47,"column":40},"end":{"line":47,"column":58}}]},"6":{"type":"branch","line":48,"loc":{"start":{"line":48,"column":40},"end":{"line":48,"column":57}},"locations":[{"start":{"line":48,"column":40},"end":{"line":48,"column":57}}]},"7":{"type":"branch","line":49,"loc":{"start":{"line":49,"column":40},"end":{"line":49,"column":52}},"locations":[{"start":{"line":49,"column":40},"end":{"line":49,"column":52}}]},"8":{"type":"branch","line":50,"loc":{"start":{"line":50,"column":40},"end":{"line":50,"column":55}},"locations":[{"start":{"line":50,"column":40},"end":{"line":50,"column":55}}]}},"b":{"0":[6],"1":[2],"2":[4],"3":[6],"4":[0],"5":[1],"6":[1],"7":[1],"8":[1]},"fnMap":{"0":{"name":"AppointmentsTable","decl":{"start":{"line":21,"column":60},"end":{"line":58,"column":2}},"loc":{"start":{"line":21,"column":60},"end":{"line":58,"column":2}},"line":21}},"f":{"0":6}}
,"C:\\Users\\rmeji\\Documents\\GitHub\\swim-school-scheduler\\src\\components\\DashboardLayout.tsx": {"path":"C:\\Users\\rmeji\\Documents\\GitHub\\swim-school-scheduler\\src\\components\\DashboardLayout.tsx","all":false,"statementMap":{"0":{"start":{"line":1,"column":0},"end":{"line":1,"column":51}},"1":{"start":{"line":2,"column":0},"end":{"line":2,"column":32}},"2":{"start":{"line":3,"column":0},"end":{"line":3,"column":30}},"15":{"start":{"line":16,"column":0},"end":{"line":16,"column":78}},"16":{"start":{"line":17,"column":0},"end":{"line":17,"column":66}},"18":{"start":{"line":19,"column":0},"end":{"line":19,"column":10}},"19":{"start":{"line":20,"column":0},"end":{"line":20,"column":69}},"20":{"start":{"line":21,"column":0},"end":{"line":21,"column":16}},"21":{"start":{"line":22,"column":0},"end":{"line":22,"column":35}},"22":{"start":{"line":23,"column":0},"end":{"line":23,"column":96}},"23":{"start":{"line":24,"column":0},"end":{"line":24,"column":13}},"24":{"start":{"line":25,"column":0},"end":{"line":25,"column":21}},"25":{"start":{"line":26,"column":0},"end":{"line":26,"column":113}},"27":{"start":{"line":28,"column":0},"end":{"line":28,"column":20}},"28":{"start":{"line":29,"column":0},"end":{"line":29,"column":15}},"29":{"start":{"line":30,"column":0},"end":{"line":30,"column":12}},"30":{"start":{"line":31,"column":0},"end":{"line":31,"column":10}},"32":{"start":{"line":33,"column":0},"end":{"line":33,"column":2}},"34":{"start":{"line":35,"column":0},"end":{"line":35,"column":31}}},"s":{"0":1,"1":1,"2":1,"15":1,"16":9,"18":9,"19":9,"20":9,"21":9,"22":9,"23":9,"24":9,"25":9,"27":9,"28":9,"29":9,"30":9,"32":9,"34":1},"branchMap":{"0":{"type":"branch","line":16,"loc":{"start":{"line":16,"column":59},"end":{"line":33,"column":2}},"locations":[{"start":{"line":16,"column":59},"end":{"line":33,"column":2}}]},"1":{"type":"branch","line":26,"loc":{"start":{"line":26,"column":63},"end":{"line":26,"column":92}},"locations":[{"start":{"line":26,"column":63},"end":{"line":26,"column":92}}]},"2":{"type":"branch","line":26,"loc":{"start":{"line":26,"column":82},"end":{"line":26,"column":99}},"locations":[{"start":{"line":26,"column":82},"end":{"line":26,"column":99}}]},"3":{"type":"branch","line":23,"loc":{"start":{"line":23,"column":56},"end":{"line":23,"column":94}},"locations":[{"start":{"line":23,"column":56},"end":{"line":23,"column":94}}]},"4":{"type":"branch","line":23,"loc":{"start":{"line":23,"column":82},"end":{"line":23,"column":91}},"locations":[{"start":{"line":23,"column":82},"end":{"line":23,"column":91}}]}},"b":{"0":[9],"1":[2],"2":[7],"3":[3],"4":[3]},"fnMap":{"0":{"name":"DashboardLayout","decl":{"start":{"line":16,"column":59},"end":{"line":33,"column":2}},"loc":{"start":{"line":16,"column":59},"end":{"line":33,"column":2}},"line":16},"1":{"name":"onToggle","decl":{"start":{"line":23,"column":56},"end":{"line":23,"column":94}},"loc":{"start":{"line":23,"column":56},"end":{"line":23,"column":94}},"line":23}},"f":{"0":9,"1":3}}
,"C:\\Users\\rmeji\\Documents\\GitHub\\swim-school-scheduler\\src\\components\\InstructorForm.tsx": {"path":"C:\\Users\\rmeji\\Documents\\GitHub\\swim-school-scheduler\\src\\components\\InstructorForm.tsx","all":false,"statementMap":{"0":{"start":{"line":1,"column":0},"end":{"line":1,"column":40}},"1":{"start":{"line":2,"column":0},"end":{"line":2,"column":49}},"57":{"start":{"line":58,"column":0},"end":{"line":58,"column":84}},"58":{"start":{"line":59,"column":0},"end":{"line":59,"column":39}},"59":{"start":{"line":60,"column":0},"end":{"line":60,"column":48}},"60":{"start":{"line":61,"column":0},"end":{"line":61,"column":58}},"61":{"start":{"line":62,"column":0},"end":{"line":62,"column":48}},"62":{"start":{"line":63,"column":0},"end":{"line":63,"column":55}},"68":{"start":{"line":69,"column":0},"end":{"line":69,"column":39}},"69":{"start":{"line":70,"column":0},"end":{"line":70,"column":37}},"71":{"start":{"line":72,"column":0},"end":{"line":72,"column":23}},"72":{"start":{"line":73,"column":0},"end":{"line":73,"column":42}},"73":{"start":{"line":74,"column":0},"end":{"line":74,"column":40}},"74":{"start":{"line":75,"column":0},"end":{"line":75,"column":60}},"75":{"start":{"line":76,"column":0},"end":{"line":76,"column":5}},"77":{"start":{"line":78,"column":0},"end":{"line":78,"column":25}},"78":{"start":{"line":79,"column":0},"end":{"line":79,"column":47}},"79":{"start":{"line":80,"column":0},"end":{"line":80,"column":4}},"84":{"start":{"line":85,"column":0},"end":{"line":85,"column":54}},"85":{"start":{"line":86,"column":0},"end":{"line":86,"column":23}},"88":{"start":{"line":89,"column":0},"end":{"line":89,"column":19}},"89":{"start":{"line":90,"column":0},"end":{"line":90,"column":22}},"92":{"start":{"line":93,"column":0},"end":{"line":93,"column":26}},"93":{"start":{"line":94,"column":0},"end":{"line":94,"column":13}},"94":{"start":{"line":95,"column":0},"end":{"line":95,"column":5}},"96":{"start":{"line":97,"column":0},"end":{"line":97,"column":21}},"98":{"start":{"line":99,"column":0},"end":{"line":99,"column":9}},"99":{"start":{"line":100,"column":0},"end":{"line":100,"column":38}},"100":{"start":{"line":101,"column":0},"end":{"line":101,"column":70}},"101":{"start":{"line":102,"column":0},"end":{"line":102,"column":23}},"102":{"start":{"line":103,"column":0},"end":{"line":103,"column":18}},"103":{"start":{"line":104,"column":0},"end":{"line":104,"column":20}},"104":{"start":{"line":105,"column":0},"end":{"line":105,"column":43}},"105":{"start":{"line":106,"column":0},"end":{"line":106,"column":19}},"106":{"start":{"line":107,"column":0},"end":{"line":107,"column":80}},"107":{"start":{"line":108,"column":0},"end":{"line":108,"column":15}},"108":{"start":{"line":109,"column":0},"end":{"line":109,"column":24}},"109":{"start":{"line":110,"column":0},"end":{"line":110,"column":5}},"110":{"start":{"line":111,"column":0},"end":{"line":111,"column":4}},"115":{"start":{"line":116,"column":0},"end":{"line":116,"column":72}},"116":{"start":{"line":117,"column":0},"end":{"line":117,"column":35}},"117":{"start":{"line":118,"column":0},"end":{"line":118,"column":21}},"120":{"start":{"line":121,"column":0},"end":{"line":121,"column":52}},"121":{"start":{"line":122,"column":0},"end":{"line":122,"column":56}},"122":{"start":{"line":123,"column":0},"end":{"line":123,"column":5}},"123":{"start":{"line":124,"column":0},"end":{"line":124,"column":4}},"125":{"start":{"line":126,"column":0},"end":{"line":126,"column":10}},"126":{"start":{"line":127,"column":0},"end":{"line":127,"column":72}},"127":{"start":{"line":128,"column":0},"end":{"line":128,"column":83}},"129":{"start":{"line":130,"column":0},"end":{"line":130,"column":70}},"131":{"start":{"line":132,"column":0},"end":{"line":132,"column":13}},"132":{"start":{"line":133,"column":0},"end":{"line":133,"column":100}},"134":{"start":{"line":135,"column":0},"end":{"line":135,"column":18}},"135":{"start":{"line":136,"column":0},"end":{"line":136,"column":16}},"136":{"start":{"line":137,"column":0},"end":{"line":137,"column":32}},"137":{"start":{"line":138,"column":0},"end":{"line":138,"column":23}},"138":{"start":{"line":139,"column":0},"end":{"line":139,"column":24}},"139":{"start":{"line":140,"column":0},"end":{"line":140,"column":39}},"140":{"start":{"line":141,"column":0},"end":{"line":141,"column":20}},"141":{"start":{"line":142,"column":0},"end":{"line":142,"column":25}},"142":{"start":{"line":143,"column":0},"end":{"line":143,"column":24}},"144":{"start":{"line":145,"column":0},"end":{"line":145,"column":67}},"146":{"start":{"line":147,"column":0},"end":{"line":147,"column":47}},"147":{"start":{"line":148,"column":0},"end":{"line":148,"column":30}},"148":{"start":{"line":149,"column":0},"end":{"line":149,"column":12}},"149":{"start":{"line":150,"column":0},"end":{"line":150,"column":27}},"150":{"start":{"line":151,"column":0},"end":{"line":151,"column":70}},"152":{"start":{"line":153,"column":0},"end":{"line":153,"column":14}},"155":{"start":{"line":156,"column":0},"end":{"line":156,"column":19}},"156":{"start":{"line":157,"column":0},"end":{"line":157,"column":74}},"157":{"start":{"line":158,"column":0},"end":{"line":158,"column":59}},"158":{"start":{"line":159,"column":0},"end":{"line":159,"column":16}},"162":{"start":{"line":163,"column":0},"end":{"line":163,"column":21}},"163":{"start":{"line":164,"column":0},"end":{"line":164,"column":78}},"164":{"start":{"line":165,"column":0},"end":{"line":165,"column":84}},"165":{"start":{"line":166,"column":0},"end":{"line":166,"column":16}},"169":{"start":{"line":170,"column":0},"end":{"line":170,"column":45}},"170":{"start":{"line":171,"column":0},"end":{"line":171,"column":17}},"171":{"start":{"line":172,"column":0},"end":{"line":172,"column":25}},"172":{"start":{"line":173,"column":0},"end":{"line":173,"column":30}},"173":{"start":{"line":174,"column":0},"end":{"line":174,"column":24}},"179":{"start":{"line":180,"column":0},"end":{"line":180,"column":65}},"180":{"start":{"line":181,"column":0},"end":{"line":181,"column":19}},"182":{"start":{"line":183,"column":0},"end":{"line":183,"column":17}},"183":{"start":{"line":184,"column":0},"end":{"line":184,"column":25}},"184":{"start":{"line":185,"column":0},"end":{"line":185,"column":30}},"185":{"start":{"line":186,"column":0},"end":{"line":186,"column":30}},"186":{"start":{"line":187,"column":0},"end":{"line":187,"column":24}},"191":{"start":{"line":192,"column":0},"end":{"line":192,"column":11}},"193":{"start":{"line":194,"column":0},"end":{"line":194,"column":19}},"194":{"start":{"line":195,"column":0},"end":{"line":195,"column":14}},"195":{"start":{"line":196,"column":0},"end":{"line":196,"column":13}},"196":{"start":{"line":197,"column":0},"end":{"line":197,"column":10}},"198":{"start":{"line":199,"column":0},"end":{"line":199,"column":2}},"200":{"start":{"line":201,"column":0},"end":{"line":201,"column":30}}},"s":{"0":1,"1":1,"57":1,"58":35,"59":35,"60":35,"61":35,"62":35,"68":35,"69":9,"71":9,"72":2,"73":9,"74":1,"75":1,"77":9,"78":9,"79":9,"84":35,"85":9,"88":9,"89":9,"92":9,"93":3,"94":3,"96":6,"98":6,"99":6,"100":6,"101":4,"102":4,"103":4,"104":4,"105":9,"106":2,"107":9,"108":6,"109":6,"110":9,"115":35,"116":8,"117":8,"120":8,"121":1,"122":1,"123":8,"125":35,"126":35,"127":35,"129":35,"131":35,"132":35,"134":35,"135":35,"136":35,"137":35,"138":35,"139":35,"140":35,"141":35,"142":35,"144":35,"146":35,"147":35,"148":35,"149":35,"150":3,"152":35,"155":35,"156":2,"157":2,"158":2,"162":35,"163":3,"164":3,"165":3,"169":35,"170":35,"171":35,"172":35,"173":35,"179":35,"180":35,"182":35,"183":35,"184":35,"185":35,"186":35,"191":35,"193":35,"194":35,"195":35,"196":35,"198":35,"200":1},"branchMap":{"0":{"type":"branch","line":58,"loc":{"start":{"line":58,"column":54},"end":{"line":199,"column":2}},"locations":[{"start":{"line":58,"column":54},"end":{"line":199,"column":2}}]},"1":{"type":"branch","line":145,"loc":{"start":{"line":145,"column":23},"end":{"line":145,"column":49}},"locations":[{"start":{"line":145,"column":23},"end":{"line":145,"column":49}}]},"2":{"type":"branch","line":145,"loc":{"start":{"line":145,"column":30},"end":{"line":145,"column":66}},"locations":[{"start":{"line":145,"column":30},"end":{"line":145,"column":66}}]},"3":{"type":"branch","line":150,"loc":{"start":{"line":150,"column":18},"end":{"line":151,"column":70}},"locations":[{"start":{"line":150,"column":18},"end":{"line":151,"column":70}}]},"4":{"type":"branch","line":156,"loc":{"start":{"line":156,"column":9},"end":{"line":159,"column":16}},"locations":[{"start":{"line":156,"column":9},"end":{"line":159,"column":16}}]},"5":{"type":"branch","line":163,"loc":{"start":{"line":163,"column":9},"end":{"line":166,"column":16}},"locations":[{"start":{"line":163,"column":9},"end":{"line":166,"column":16}}]},"6":{"type":"branch","line":180,"loc":{"start":{"line":180,"column":13},"end":{"line":180,"column":48}},"locations":[{"start":{"line":180,"column":13},"end":{"line":180,"column":48}}]},"7":{"type":"branch","line":180,"loc":{"start":{"line":180,"column":23},"end":{"line":180,"column":65}},"locations":[{"start":{"line":180,"column":23},"end":{"line":180,"column":65}}]},"8":{"type":"branch","line":69,"loc":{"start":{"line":69,"column":23},"end":{"line":80,"column":4}},"locations":[{"start":{"line":69,"column":23},"end":{"line":80,"column":4}}]},"9":{"type":"branch","line":72,"loc":{"start":{"line":72,"column":22},"end":{"line":74,"column":15}},"locations":[{"start":{"line":72,"column":22},"end":{"line":74,"column":15}}]},"10":{"type":"branch","line":74,"loc":{"start":{"line":74,"column":4},"end":{"line":76,"column":5}},"locations":[{"start":{"line":74,"column":4},"end":{"line":76,"column":5}}]},"11":{"type":"branch","line":74,"loc":{"start":{"line":74,"column":39},"end":{"line":76,"column":5}},"locations":[{"start":{"line":74,"column":39},"end":{"line":76,"column":5}}]},"12":{"type":"branch","line":85,"loc":{"start":{"line":85,"column":23},"end":{"line":111,"column":4}},"locations":[{"start":{"line":85,"column":23},"end":{"line":111,"column":4}}]},"13":{"type":"branch","line":93,"loc":{"start":{"line":93,"column":25},"end":{"line":95,"column":5}},"locations":[{"start":{"line":93,"column":25},"end":{"line":95,"column":5}}]},"14":{"type":"branch","line":95,"loc":{"start":{"line":95,"column":4},"end":{"line":101,"column":70}},"locations":[{"start":{"line":95,"column":4},"end":{"line":101,"column":70}}]},"15":{"type":"branch","line":101,"loc":{"start":{"line":101,"column":68},"end":{"line":106,"column":13}},"locations":[{"start":{"line":101,"column":68},"end":{"line":106,"column":13}}]},"16":{"type":"branch","line":106,"loc":{"start":{"line":106,"column":4},"end":{"line":108,"column":6}},"locations":[{"start":{"line":106,"column":4},"end":{"line":108,"column":6}}]},"17":{"type":"branch","line":107,"loc":{"start":{"line":107,"column":42},"end":{"line":107,"column":78}},"locations":[{"start":{"line":107,"column":42},"end":{"line":107,"column":78}}]},"18":{"type":"branch","line":108,"loc":{"start":{"line":108,"column":4},"end":{"line":110,"column":5}},"locations":[{"start":{"line":108,"column":4},"end":{"line":110,"column":5}}]},"19":{"type":"branch","line":116,"loc":{"start":{"line":116,"column":27},"end":{"line":124,"column":4}},"locations":[{"start":{"line":116,"column":27},"end":{"line":124,"column":4}}]},"20":{"type":"branch","line":121,"loc":{"start":{"line":121,"column":15},"end":{"line":121,"column":51}},"locations":[{"start":{"line":121,"column":15},"end":{"line":121,"column":51}}]},"21":{"type":"branch","line":121,"loc":{"start":{"line":121,"column":51},"end":{"line":123,"column":5}},"locations":[{"start":{"line":121,"column":51},"end":{"line":123,"column":5}}]},"22":{"type":"branch","line":122,"loc":{"start":{"line":122,"column":16},"end":{"line":122,"column":54}},"locations":[{"start":{"line":122,"column":16},"end":{"line":122,"column":54}}]}},"b":{"0":[35],"1":[3],"2":[32],"3":[3],"4":[2],"5":[3],"6":[6],"7":[29],"8":[9],"9":[2],"10":[7],"11":[1],"12":[9],"13":[3],"14":[6],"15":[4],"16":[2],"17":[0],"18":[6],"19":[8],"20":[1],"21":[1],"22":[1]},"fnMap":{"0":{"name":"InstructorForm","decl":{"start":{"line":58,"column":54},"end":{"line":199,"column":2}},"loc":{"start":{"line":58,"column":54},"end":{"line":199,"column":2}},"line":58},"1":{"name":"validateForm","decl":{"start":{"line":69,"column":23},"end":{"line":80,"column":4}},"loc":{"start":{"line":69,"column":23},"end":{"line":80,"column":4}},"line":69},"2":{"name":"handleSubmit","decl":{"start":{"line":85,"column":23},"end":{"line":111,"column":4}},"loc":{"start":{"line":85,"column":23},"end":{"line":111,"column":4}},"line":85},"3":{"name":"handleNameChange","decl":{"start":{"line":116,"column":27},"end":{"line":124,"column":4}},"loc":{"start":{"line":116,"column":27},"end":{"line":124,"column":4}},"line":116}},"f":{"0":35,"1":9,"2":9,"3":8}}
,"C:\\Users\\rmeji\\Documents\\GitHub\\swim-school-scheduler\\src\\components\\InstructorList.tsx": {"path":"C:\\Users\\rmeji\\Documents\\GitHub\\swim-school-scheduler\\src\\components\\InstructorList.tsx","all":false,"statementMap":{"0":{"start":{"line":1,"column":0},"end":{"line":1,"column":51}},"1":{"start":{"line":2,"column":0},"end":{"line":2,"column":50}},"22":{"start":{"line":23,"column":0},"end":{"line":23,"column":40}},"23":{"start":{"line":24,"column":0},"end":{"line":24,"column":67}},"24":{"start":{"line":25,"column":0},"end":{"line":25,"column":47}},"25":{"start":{"line":26,"column":0},"end":{"line":26,"column":58}},"30":{"start":{"line":31,"column":0},"end":{"line":31,"column":19}},"31":{"start":{"line":32,"column":0},"end":{"line":32,"column":28}},"33":{"start":{"line":34,"column":0},"end":{"line":34,"column":39}},"34":{"start":{"line":35,"column":0},"end":{"line":35,"column":11}},"35":{"start":{"line":36,"column":0},"end":{"line":36,"column":25}},"36":{"start":{"line":37,"column":0},"end":{"line":37,"column":23}},"37":{"start":{"line":38,"column":0},"end":{"line":38,"column":44}},"38":{"start":{"line":39,"column":0},"end":{"line":39,"column":27}},"39":{"start":{"line":40,"column":0},"end":{"line":40,"column":31}},"40":{"start":{"line":41,"column":0},"end":{"line":41,"column":9}},"41":{"start":{"line":42,"column":0},"end":{"line":42,"column":21}},"42":{"start":{"line":43,"column":0},"end":{"line":43,"column":27}},"43":{"start":{"line":44,"column":0},"end":{"line":44,"column":86}},"44":{"start":{"line":45,"column":0},"end":{"line":45,"column":9}},"45":{"start":{"line":46,"column":0},"end":{"line":46,"column":17}},"46":{"start":{"line":47,"column":0},"end":{"line":47,"column":27}},"47":{"start":{"line":48,"column":0},"end":{"line":48,"column":28}},"48":{"start":{"line":49,"column":0},"end":{"line":49,"column":9}},"49":{"start":{"line":50,"column":0},"end":{"line":50,"column":7}},"50":{"start":{"line":51,"column":0},"end":{"line":51,"column":5}},"52":{"start":{"line":53,"column":0},"end":{"line":53,"column":23}},"54":{"start":{"line":55,"column":0},"end":{"line":55,"column":18}},"55":{"start":{"line":56,"column":0},"end":{"line":56,"column":25}},"56":{"start":{"line":57,"column":0},"end":{"line":57,"column":6}},"57":{"start":{"line":58,"column":0},"end":{"line":58,"column":9}},"60":{"start":{"line":61,"column":0},"end":{"line":61,"column":16}},"61":{"start":{"line":62,"column":0},"end":{"line":62,"column":12}},"62":{"start":{"line":63,"column":0},"end":{"line":63,"column":57}},"63":{"start":{"line":64,"column":0},"end":{"line":64,"column":89}},"64":{"start":{"line":65,"column":0},"end":{"line":65,"column":63}},"65":{"start":{"line":66,"column":0},"end":{"line":66,"column":12}},"67":{"start":{"line":68,"column":0},"end":{"line":68,"column":3}},"70":{"start":{"line":71,"column":0},"end":{"line":71,"column":14}},"71":{"start":{"line":72,"column":0},"end":{"line":72,"column":12}},"72":{"start":{"line":73,"column":0},"end":{"line":73,"column":57}},"73":{"start":{"line":74,"column":0},"end":{"line":74,"column":89}},"74":{"start":{"line":75,"column":0},"end":{"line":75,"column":72}},"75":{"start":{"line":76,"column":0},"end":{"line":76,"column":57}},"76":{"start":{"line":77,"column":0},"end":{"line":77,"column":14}},"77":{"start":{"line":78,"column":0},"end":{"line":78,"column":12}},"79":{"start":{"line":80,"column":0},"end":{"line":80,"column":3}},"82":{"start":{"line":83,"column":0},"end":{"line":83,"column":33}},"83":{"start":{"line":84,"column":0},"end":{"line":84,"column":12}},"84":{"start":{"line":85,"column":0},"end":{"line":85,"column":57}},"85":{"start":{"line":86,"column":0},"end":{"line":86,"column":89}},"86":{"start":{"line":87,"column":0},"end":{"line":87,"column":66}},"87":{"start":{"line":88,"column":0},"end":{"line":88,"column":12}},"89":{"start":{"line":90,"column":0},"end":{"line":90,"column":3}},"92":{"start":{"line":93,"column":0},"end":{"line":93,"column":10}},"93":{"start":{"line":94,"column":0},"end":{"line":94,"column":81}},"94":{"start":{"line":95,"column":0},"end":{"line":95,"column":27}},"95":{"start":{"line":96,"column":0},"end":{"line":96,"column":89}},"96":{"start":{"line":97,"column":0},"end":{"line":97,"column":46}},"97":{"start":{"line":98,"column":0},"end":{"line":98,"column":44}},"98":{"start":{"line":99,"column":0},"end":{"line":99,"column":15}},"99":{"start":{"line":100,"column":0},"end":{"line":100,"column":33}},"100":{"start":{"line":101,"column":0},"end":{"line":101,"column":134}},"102":{"start":{"line":103,"column":0},"end":{"line":103,"column":82}},"103":{"start":{"line":104,"column":0},"end":{"line":104,"column":80}},"104":{"start":{"line":105,"column":0},"end":{"line":105,"column":17}},"105":{"start":{"line":106,"column":0},"end":{"line":106,"column":13}},"106":{"start":{"line":107,"column":0},"end":{"line":107,"column":13}},"107":{"start":{"line":108,"column":0},"end":{"line":108,"column":12}},"108":{"start":{"line":109,"column":0},"end":{"line":109,"column":10}},"110":{"start":{"line":111,"column":0},"end":{"line":111,"column":2}},"112":{"start":{"line":113,"column":0},"end":{"line":113,"column":30}}},"s":{"0":1,"1":1,"22":1,"23":15,"24":15,"25":15,"30":15,"31":8,"33":8,"34":8,"35":8,"36":8,"37":8,"38":6,"39":6,"40":6,"41":8,"42":1,"43":1,"44":1,"45":8,"46":7,"47":7,"48":7,"49":7,"50":8,"52":8,"54":8,"55":8,"56":8,"57":15,"60":15,"61":8,"62":8,"63":8,"64":8,"65":8,"67":8,"70":15,"71":1,"72":1,"73":1,"74":1,"75":1,"76":1,"77":1,"79":1,"82":15,"83":2,"84":2,"85":2,"86":2,"87":2,"89":2,"92":4,"93":4,"94":4,"95":4,"96":4,"97":4,"98":10,"99":10,"100":10,"102":10,"103":10,"104":10,"105":4,"106":4,"107":4,"108":4,"110":4,"112":1},"branchMap":{"0":{"type":"branch","line":23,"loc":{"start":{"line":23,"column":33},"end":{"line":111,"column":2}},"locations":[{"start":{"line":23,"column":33},"end":{"line":111,"column":2}}]},"1":{"type":"branch","line":61,"loc":{"start":{"line":61,"column":15},"end":{"line":68,"column":3}},"locations":[{"start":{"line":61,"column":15},"end":{"line":68,"column":3}}]},"2":{"type":"branch","line":68,"loc":{"start":{"line":68,"column":2},"end":{"line":71,"column":13}},"locations":[{"start":{"line":68,"column":2},"end":{"line":71,"column":13}}]},"3":{"type":"branch","line":71,"loc":{"start":{"line":71,"column":13},"end":{"line":80,"column":3}},"locations":[{"start":{"line":71,"column":13},"end":{"line":80,"column":3}}]},"4":{"type":"branch","line":80,"loc":{"start":{"line":80,"column":2},"end":{"line":83,"column":32}},"locations":[{"start":{"line":80,"column":2},"end":{"line":83,"column":32}}]},"5":{"type":"branch","line":83,"loc":{"start":{"line":83,"column":32},"end":{"line":90,"column":3}},"locations":[{"start":{"line":83,"column":32},"end":{"line":90,"column":3}}]},"6":{"type":"branch","line":90,"loc":{"start":{"line":90,"column":2},"end":{"line":111,"column":2}},"locations":[{"start":{"line":90,"column":2},"end":{"line":111,"column":2}}]},"7":{"type":"branch","line":31,"loc":{"start":{"line":31,"column":12},"end":{"line":58,"column":5}},"locations":[{"start":{"line":31,"column":12},"end":{"line":58,"column":5}}]},"8":{"type":"branch","line":34,"loc":{"start":{"line":34,"column":4},"end":{"line":51,"column":5}},"locations":[{"start":{"line":34,"column":4},"end":{"line":51,"column":5}}]},"9":{"type":"branch","line":38,"loc":{"start":{"line":38,"column":42},"end":{"line":41,"column":9}},"locations":[{"start":{"line":38,"column":42},"end":{"line":41,"column":9}}]},"10":{"type":"branch","line":42,"loc":{"start":{"line":42,"column":6},"end":{"line":46,"column":8}},"locations":[{"start":{"line":42,"column":6},"end":{"line":46,"column":8}}]},"11":{"type":"branch","line":44,"loc":{"start":{"line":44,"column":46},"end":{"line":44,"column":84}},"locations":[{"start":{"line":44,"column":46},"end":{"line":44,"column":84}}]},"12":{"type":"branch","line":46,"loc":{"start":{"line":46,"column":6},"end":{"line":50,"column":7}},"locations":[{"start":{"line":46,"column":6},"end":{"line":50,"column":7}}]},"13":{"type":"branch","line":55,"loc":{"start":{"line":55,"column":11},"end":{"line":57,"column":6}},"locations":[{"start":{"line":55,"column":11},"end":{"line":57,"column":6}}]},"14":{"type":"branch","line":98,"loc":{"start":{"line":98,"column":27},"end":{"line":105,"column":17}},"locations":[{"start":{"line":98,"column":27},"end":{"line":105,"column":17}}]}},"b":{"0":[15],"1":[8],"2":[7],"3":[1],"4":[6],"5":[2],"6":[4],"7":[8],"8":[8],"9":[6],"10":[1],"11":[0],"12":[7],"13":[8],"14":[10]},"fnMap":{"0":{"name":"InstructorList","decl":{"start":{"line":23,"column":33},"end":{"line":111,"column":2}},"loc":{"start":{"line":23,"column":33},"end":{"line":111,"column":2}},"line":23},"1":{"name":"fetchInstructors","decl":{"start":{"line":34,"column":4},"end":{"line":51,"column":5}},"loc":{"start":{"line":34,"column":4},"end":{"line":51,"column":5}},"line":34}},"f":{"0":15,"1":8}}
,"C:\\Users\\rmeji\\Documents\\GitHub\\swim-school-scheduler\\src\\components\\Layout.tsx": {"path":"C:\\Users\\rmeji\\Documents\\GitHub\\swim-school-scheduler\\src\\components\\Layout.tsx","all":false,"statementMap":{"0":{"start":{"line":1,"column":0},"end":{"line":1,"column":26}},"53":{"start":{"line":54,"column":0},"end":{"line":54,"column":41}},"54":{"start":{"line":55,"column":0},"end":{"line":55,"column":17}},"55":{"start":{"line":56,"column":0},"end":{"line":56,"column":19}},"56":{"start":{"line":57,"column":0},"end":{"line":57,"column":11}},"57":{"start":{"line":58,"column":0},"end":{"line":58,"column":7}},"58":{"start":{"line":59,"column":0},"end":{"line":59,"column":51}},"59":{"start":{"line":60,"column":0},"end":{"line":60,"column":16}},"60":{"start":{"line":61,"column":0},"end":{"line":61,"column":16}},"61":{"start":{"line":62,"column":0},"end":{"line":62,"column":18}},"62":{"start":{"line":63,"column":0},"end":{"line":63,"column":13}},"63":{"start":{"line":64,"column":0},"end":{"line":64,"column":4}},"65":{"start":{"line":66,"column":0},"end":{"line":66,"column":58}},"66":{"start":{"line":67,"column":0},"end":{"line":67,"column":29}},"67":{"start":{"line":68,"column":0},"end":{"line":68,"column":4}},"69":{"start":{"line":70,"column":0},"end":{"line":70,"column":10}},"70":{"start":{"line":71,"column":0},"end":{"line":71,"column":59}},"72":{"start":{"line":73,"column":0},"end":{"line":73,"column":14}},"73":{"start":{"line":74,"column":0},"end":{"line":74,"column":22}},"74":{"start":{"line":75,"column":0},"end":{"line":75,"column":70}},"76":{"start":{"line":77,"column":0},"end":{"line":77,"column":43}},"77":{"start":{"line":78,"column":0},"end":{"line":78,"column":68}},"79":{"start":{"line":80,"column":0},"end":{"line":80,"column":15}},"80":{"start":{"line":81,"column":0},"end":{"line":81,"column":14}},"81":{"start":{"line":82,"column":0},"end":{"line":82,"column":15}},"84":{"start":{"line":85,"column":0},"end":{"line":85,"column":11}},"85":{"start":{"line":86,"column":0},"end":{"line":86,"column":26}},"86":{"start":{"line":87,"column":0},"end":{"line":87,"column":107}},"88":{"start":{"line":89,"column":0},"end":{"line":89,"column":43}},"89":{"start":{"line":90,"column":0},"end":{"line":90,"column":89}},"90":{"start":{"line":91,"column":0},"end":{"line":91,"column":50}},"91":{"start":{"line":92,"column":0},"end":{"line":92,"column":57}},"92":{"start":{"line":93,"column":0},"end":{"line":93,"column":22}},"93":{"start":{"line":94,"column":0},"end":{"line":94,"column":23}},"94":{"start":{"line":95,"column":0},"end":{"line":95,"column":31}},"95":{"start":{"line":96,"column":0},"end":{"line":96,"column":57}},"96":{"start":{"line":97,"column":0},"end":{"line":97,"column":30}},"99":{"start":{"line":100,"column":0},"end":{"line":100,"column":31}},"100":{"start":{"line":101,"column":0},"end":{"line":101,"column":59}},"101":{"start":{"line":102,"column":0},"end":{"line":102,"column":76}},"102":{"start":{"line":103,"column":0},"end":{"line":103,"column":21}},"104":{"start":{"line":105,"column":0},"end":{"line":105,"column":62}},"106":{"start":{"line":107,"column":0},"end":{"line":107,"column":27}},"107":{"start":{"line":108,"column":0},"end":{"line":108,"column":25}},"109":{"start":{"line":110,"column":0},"end":{"line":110,"column":15}},"110":{"start":{"line":111,"column":0},"end":{"line":111,"column":16}},"111":{"start":{"line":112,"column":0},"end":{"line":112,"column":14}},"112":{"start":{"line":113,"column":0},"end":{"line":113,"column":12}},"115":{"start":{"line":116,"column":0},"end":{"line":116,"column":12}},"116":{"start":{"line":117,"column":0},"end":{"line":117,"column":20}},"117":{"start":{"line":118,"column":0},"end":{"line":118,"column":37}},"119":{"start":{"line":120,"column":0},"end":{"line":120,"column":43}},"120":{"start":{"line":121,"column":0},"end":{"line":121,"column":20}},"121":{"start":{"line":122,"column":0},"end":{"line":122,"column":14}},"122":{"start":{"line":123,"column":0},"end":{"line":123,"column":13}},"123":{"start":{"line":124,"column":0},"end":{"line":124,"column":10}},"125":{"start":{"line":126,"column":0},"end":{"line":126,"column":2}},"127":{"start":{"line":128,"column":0},"end":{"line":128,"column":22}}},"s":{"0":1,"53":1,"54":9,"55":9,"56":9,"57":9,"58":9,"59":9,"60":9,"61":9,"62":9,"63":9,"65":9,"66":1,"67":1,"69":9,"70":9,"72":9,"73":9,"74":9,"76":9,"77":9,"79":9,"80":9,"81":9,"84":9,"85":9,"86":9,"88":9,"89":9,"90":9,"91":36,"92":36,"93":36,"94":36,"95":36,"96":36,"99":36,"100":9,"101":27,"102":36,"104":36,"106":36,"107":36,"109":9,"110":9,"111":9,"112":9,"115":9,"116":9,"117":9,"119":9,"120":9,"121":9,"122":9,"123":9,"125":9,"127":1},"branchMap":{"0":{"type":"branch","line":54,"loc":{"start":{"line":54,"column":38},"end":{"line":126,"column":2}},"locations":[{"start":{"line":54,"column":38},"end":{"line":126,"column":2}}]},"1":{"type":"branch","line":66,"loc":{"start":{"line":66,"column":25},"end":{"line":68,"column":4}},"locations":[{"start":{"line":66,"column":25},"end":{"line":68,"column":4}}]},"2":{"type":"branch","line":91,"loc":{"start":{"line":91,"column":36},"end":{"line":110,"column":13}},"locations":[{"start":{"line":91,"column":36},"end":{"line":110,"column":13}}]},"3":{"type":"branch","line":100,"loc":{"start":{"line":100,"column":22},"end":{"line":101,"column":59}},"locations":[{"start":{"line":100,"column":22},"end":{"line":101,"column":59}}]},"4":{"type":"branch","line":101,"loc":{"start":{"line":101,"column":24},"end":{"line":102,"column":76}},"locations":[{"start":{"line":101,"column":24},"end":{"line":102,"column":76}}]},"5":{"type":"branch","line":105,"loc":{"start":{"line":105,"column":32},"end":{"line":105,"column":52}},"locations":[{"start":{"line":105,"column":32},"end":{"line":105,"column":52}}]},"6":{"type":"branch","line":105,"loc":{"start":{"line":105,"column":43},"end":{"line":105,"column":62}},"locations":[{"start":{"line":105,"column":43},"end":{"line":105,"column":62}}]},"7":{"type":"branch","line":96,"loc":{"start":{"line":96,"column":27},"end":{"line":96,"column":57}},"locations":[{"start":{"line":96,"column":27},"end":{"line":96,"column":57}}]}},"b":{"0":[9],"1":[1],"2":[36],"3":[9],"4":[27],"5":[9],"6":[27],"7":[1]},"fnMap":{"0":{"name":"Layout","decl":{"start":{"line":54,"column":38},"end":{"line":126,"column":2}},"loc":{"start":{"line":54,"column":38},"end":{"line":126,"column":2}},"line":54},"1":{"name":"handleNavClick","decl":{"start":{"line":66,"column":25},"end":{"line":68,"column":4}},"loc":{"start":{"line":66,"column":25},"end":{"line":68,"column":4}},"line":66},"2":{"name":"onClick","decl":{"start":{"line":96,"column":27},"end":{"line":96,"column":57}},"loc":{"start":{"line":96,"column":27},"end":{"line":96,"column":57}},"line":96}},"f":{"0":9,"1":1,"2":1}}
,"C:\\Users\\rmeji\\Documents\\GitHub\\swim-school-scheduler\\src\\components\\LoaderSwimmer.tsx": {"path":"C:\\Users\\rmeji\\Documents\\GitHub\\swim-school-scheduler\\src\\components\\LoaderSwimmer.tsx","all":false,"statementMap":{"0":{"start":{"line":1,"column":0},"end":{"line":1,"column":26}},"12":{"start":{"line":13,"column":0},"end":{"line":13,"column":70}},"13":{"start":{"line":14,"column":0},"end":{"line":14,"column":28}},"14":{"start":{"line":15,"column":0},"end":{"line":15,"column":10}},"15":{"start":{"line":16,"column":0},"end":{"line":16,"column":106}},"16":{"start":{"line":17,"column":0},"end":{"line":17,"column":70}},"17":{"start":{"line":18,"column":0},"end":{"line":18,"column":10}},"19":{"start":{"line":20,"column":0},"end":{"line":20,"column":2}},"21":{"start":{"line":22,"column":0},"end":{"line":22,"column":41}}},"s":{"0":1,"12":1,"13":5,"14":4,"15":4,"16":4,"17":4,"19":4,"21":1},"branchMap":{"0":{"type":"branch","line":13,"loc":{"start":{"line":13,"column":52},"end":{"line":20,"column":2}},"locations":[{"start":{"line":13,"column":52},"end":{"line":20,"column":2}}]},"1":{"type":"branch","line":14,"loc":{"start":{"line":14,"column":16},"end":{"line":14,"column":28}},"locations":[{"start":{"line":14,"column":16},"end":{"line":14,"column":28}}]},"2":{"type":"branch","line":14,"loc":{"start":{"line":14,"column":23},"end":{"line":20,"column":2}},"locations":[{"start":{"line":14,"column":23},"end":{"line":20,"column":2}}]}},"b":{"0":[5],"1":[1],"2":[4]},"fnMap":{"0":{"name":"LoaderSwimmer","decl":{"start":{"line":13,"column":52},"end":{"line":20,"column":2}},"loc":{"start":{"line":13,"column":52},"end":{"line":20,"column":2}},"line":13}},"f":{"0":5}}
,"C:\\Users\\rmeji\\Documents\\GitHub\\swim-school-scheduler\\src\\components\\Sidebar.tsx": {"path":"C:\\Users\\rmeji\\Documents\\GitHub\\swim-school-scheduler\\src\\components\\Sidebar.tsx","all":false,"statementMap":{"0":{"start":{"line":1,"column":0},"end":{"line":1,"column":40}},"16":{"start":{"line":17,"column":0},"end":{"line":17,"column":101}},"17":{"start":{"line":18,"column":0},"end":{"line":18,"column":56}},"18":{"start":{"line":19,"column":0},"end":{"line":19,"column":20}},"19":{"start":{"line":20,"column":0},"end":{"line":20,"column":39}},"20":{"start":{"line":21,"column":0},"end":{"line":21,"column":38}},"21":{"start":{"line":22,"column":0},"end":{"line":22,"column":41}},"22":{"start":{"line":23,"column":0},"end":{"line":23,"column":41}},"23":{"start":{"line":24,"column":0},"end":{"line":24,"column":37}},"24":{"start":{"line":25,"column":0},"end":{"line":25,"column":46}},"25":{"start":{"line":26,"column":0},"end":{"line":26,"column":30}},"26":{"start":{"line":27,"column":0},"end":{"line":27,"column":30}},"27":{"start":{"line":28,"column":0},"end":{"line":28,"column":7}},"28":{"start":{"line":29,"column":0},"end":{"line":29,"column":4}},"30":{"start":{"line":31,"column":0},"end":{"line":31,"column":10}},"31":{"start":{"line":32,"column":0},"end":{"line":32,"column":8}},"32":{"start":{"line":33,"column":0},"end":{"line":33,"column":23}},"33":{"start":{"line":34,"column":0},"end":{"line":34,"column":26}},"34":{"start":{"line":35,"column":0},"end":{"line":35,"column":123}},"35":{"start":{"line":36,"column":0},"end":{"line":36,"column":27}},"37":{"start":{"line":38,"column":0},"end":{"line":38,"column":13}},"38":{"start":{"line":39,"column":0},"end":{"line":39,"column":70}},"39":{"start":{"line":40,"column":0},"end":{"line":40,"column":26}},"40":{"start":{"line":41,"column":0},"end":{"line":41,"column":108}},"42":{"start":{"line":43,"column":0},"end":{"line":43,"column":33}},"43":{"start":{"line":44,"column":0},"end":{"line":44,"column":15}},"44":{"start":{"line":45,"column":0},"end":{"line":45,"column":44}},"45":{"start":{"line":46,"column":0},"end":{"line":46,"column":33}},"46":{"start":{"line":47,"column":0},"end":{"line":47,"column":31}},"47":{"start":{"line":48,"column":0},"end":{"line":48,"column":29}},"48":{"start":{"line":49,"column":0},"end":{"line":49,"column":16}},"49":{"start":{"line":50,"column":0},"end":{"line":50,"column":23}},"50":{"start":{"line":51,"column":0},"end":{"line":51,"column":228}},"51":{"start":{"line":52,"column":0},"end":{"line":52,"column":45}},"52":{"start":{"line":53,"column":0},"end":{"line":53,"column":49}},"53":{"start":{"line":54,"column":0},"end":{"line":54,"column":65}},"55":{"start":{"line":56,"column":0},"end":{"line":56,"column":79}},"56":{"start":{"line":57,"column":0},"end":{"line":57,"column":59}},"57":{"start":{"line":58,"column":0},"end":{"line":58,"column":88}},"58":{"start":{"line":59,"column":0},"end":{"line":59,"column":25}},"59":{"start":{"line":60,"column":0},"end":{"line":60,"column":19}},"60":{"start":{"line":61,"column":0},"end":{"line":61,"column":38}},"61":{"start":{"line":62,"column":0},"end":{"line":62,"column":116}},"63":{"start":{"line":64,"column":0},"end":{"line":64,"column":46}},"64":{"start":{"line":65,"column":0},"end":{"line":65,"column":40}},"65":{"start":{"line":66,"column":0},"end":{"line":66,"column":29}},"66":{"start":{"line":67,"column":0},"end":{"line":67,"column":140}},"67":{"start":{"line":68,"column":0},"end":{"line":68,"column":69}},"69":{"start":{"line":70,"column":0},"end":{"line":70,"column":35}},"70":{"start":{"line":71,"column":0},"end":{"line":71,"column":31}},"71":{"start":{"line":72,"column":0},"end":{"line":72,"column":25}},"72":{"start":{"line":73,"column":0},"end":{"line":73,"column":21}},"73":{"start":{"line":74,"column":0},"end":{"line":74,"column":21}},"74":{"start":{"line":75,"column":0},"end":{"line":75,"column":17}},"76":{"start":{"line":77,"column":0},"end":{"line":77,"column":21}},"77":{"start":{"line":78,"column":0},"end":{"line":78,"column":226}},"78":{"start":{"line":79,"column":0},"end":{"line":79,"column":77}},"80":{"start":{"line":81,"column":0},"end":{"line":81,"column":77}},"81":{"start":{"line":82,"column":0},"end":{"line":82,"column":57}},"82":{"start":{"line":83,"column":0},"end":{"line":83,"column":23}},"84":{"start":{"line":85,"column":0},"end":{"line":85,"column":15}},"85":{"start":{"line":86,"column":0},"end":{"line":86,"column":11}},"86":{"start":{"line":87,"column":0},"end":{"line":87,"column":11}},"87":{"start":{"line":88,"column":0},"end":{"line":88,"column":10}},"89":{"start":{"line":90,"column":0},"end":{"line":90,"column":2}},"91":{"start":{"line":92,"column":0},"end":{"line":92,"column":23}}},"s":{"0":1,"16":1,"17":12,"18":12,"19":12,"20":12,"21":12,"22":12,"23":12,"24":12,"25":12,"26":12,"27":12,"28":12,"30":12,"31":12,"32":12,"33":12,"34":12,"35":12,"37":12,"38":12,"39":12,"40":12,"42":12,"43":12,"44":12,"45":12,"46":72,"47":72,"48":12,"49":12,"50":12,"51":12,"52":12,"53":12,"55":12,"56":12,"57":12,"58":12,"59":12,"60":12,"61":12,"63":12,"64":24,"65":24,"66":24,"67":24,"69":24,"70":24,"71":24,"72":12,"73":12,"74":12,"76":60,"77":60,"78":60,"80":60,"81":60,"82":60,"84":72,"85":12,"86":12,"87":12,"89":12,"91":1},"branchMap":{"0":{"type":"branch","line":17,"loc":{"start":{"line":17,"column":40},"end":{"line":90,"column":2}},"locations":[{"start":{"line":17,"column":40},"end":{"line":90,"column":2}}]},"1":{"type":"branch","line":35,"loc":{"start":{"line":35,"column":88},"end":{"line":35,"column":109}},"locations":[{"start":{"line":35,"column":88},"end":{"line":35,"column":109}}]},"2":{"type":"branch","line":35,"loc":{"start":{"line":35,"column":100},"end":{"line":35,"column":115}},"locations":[{"start":{"line":35,"column":100},"end":{"line":35,"column":115}}]},"3":{"type":"branch","line":39,"loc":{"start":{"line":39,"column":20},"end":{"line":39,"column":51}},"locations":[{"start":{"line":39,"column":20},"end":{"line":39,"column":51}}]},"4":{"type":"branch","line":39,"loc":{"start":{"line":39,"column":32},"end":{"line":39,"column":70}},"locations":[{"start":{"line":39,"column":32},"end":{"line":39,"column":70}}]},"5":{"type":"branch","line":43,"loc":{"start":{"line":43,"column":9},"end":{"line":43,"column":28}},"locations":[{"start":{"line":43,"column":9},"end":{"line":43,"column":28}}]},"6":{"type":"branch","line":43,"loc":{"start":{"line":43,"column":21},"end":{"line":43,"column":33}},"locations":[{"start":{"line":43,"column":21},"end":{"line":43,"column":33}}]},"7":{"type":"branch","line":46,"loc":{"start":{"line":46,"column":22},"end":{"line":85,"column":15}},"locations":[{"start":{"line":46,"column":22},"end":{"line":85,"column":15}}]},"8":{"type":"branch","line":48,"loc":{"start":{"line":48,"column":18},"end":{"line":75,"column":17}},"locations":[{"start":{"line":48,"column":18},"end":{"line":75,"column":17}}]},"9":{"type":"branch","line":51,"loc":{"start":{"line":51,"column":168},"end":{"line":51,"column":206}},"locations":[{"start":{"line":51,"column":168},"end":{"line":51,"column":206}}]},"10":{"type":"branch","line":57,"loc":{"start":{"line":57,"column":20},"end":{"line":57,"column":59}},"locations":[{"start":{"line":57,"column":20},"end":{"line":57,"column":59}}]},"11":{"type":"branch","line":58,"loc":{"start":{"line":58,"column":57},"end":{"line":58,"column":77}},"locations":[{"start":{"line":58,"column":57},"end":{"line":58,"column":77}}]},"12":{"type":"branch","line":58,"loc":{"start":{"line":58,"column":71},"end":{"line":58,"column":81}},"locations":[{"start":{"line":58,"column":71},"end":{"line":58,"column":81}}]},"13":{"type":"branch","line":62,"loc":{"start":{"line":62,"column":67},"end":{"line":62,"column":95}},"locations":[{"start":{"line":62,"column":67},"end":{"line":62,"column":95}}]},"14":{"type":"branch","line":62,"loc":{"start":{"line":62,"column":83},"end":{"line":62,"column":105}},"locations":[{"start":{"line":62,"column":83},"end":{"line":62,"column":105}}]},"15":{"type":"branch","line":62,"loc":{"start":{"line":62,"column":95},"end":{"line":62,"column":113}},"locations":[{"start":{"line":62,"column":95},"end":{"line":62,"column":113}}]},"16":{"type":"branch","line":75,"loc":{"start":{"line":75,"column":14},"end":{"line":83,"column":23}},"locations":[{"start":{"line":75,"column":14},"end":{"line":83,"column":23}}]},"17":{"type":"branch","line":78,"loc":{"start":{"line":78,"column":166},"end":{"line":78,"column":204}},"locations":[{"start":{"line":78,"column":166},"end":{"line":78,"column":204}}]},"18":{"type":"branch","line":78,"loc":{"start":{"line":78,"column":174},"end":{"line":78,"column":223}},"locations":[{"start":{"line":78,"column":174},"end":{"line":78,"column":223}}]},"19":{"type":"branch","line":79,"loc":{"start":{"line":79,"column":50},"end":{"line":79,"column":67}},"locations":[{"start":{"line":79,"column":50},"end":{"line":79,"column":67}}]},"20":{"type":"branch","line":79,"loc":{"start":{"line":79,"column":58},"end":{"line":79,"column":77}},"locations":[{"start":{"line":79,"column":58},"end":{"line":79,"column":77}}]},"21":{"type":"branch","line":82,"loc":{"start":{"line":82,"column":18},"end":{"line":82,"column":57}},"locations":[{"start":{"line":82,"column":18},"end":{"line":82,"column":57}}]},"22":{"type":"branch","line":54,"loc":{"start":{"line":54,"column":27},"end":{"line":54,"column":65}},"locations":[{"start":{"line":54,"column":27},"end":{"line":54,"column":65}}]},"23":{"type":"branch","line":54,"loc":{"start":{"line":54,"column":48},"end":{"line":54,"column":63}},"locations":[{"start":{"line":54,"column":48},"end":{"line":54,"column":63}}]},"24":{"type":"branch","line":64,"loc":{"start":{"line":64,"column":36},"end":{"line":72,"column":25}},"locations":[{"start":{"line":64,"column":36},"end":{"line":72,"column":25}}]},"25":{"type":"branch","line":68,"loc":{"start":{"line":68,"column":34},"end":{"line":68,"column":62}},"locations":[{"start":{"line":68,"column":34},"end":{"line":68,"column":62}}]},"26":{"type":"branch","line":68,"loc":{"start":{"line":68,"column":50},"end":{"line":68,"column":66}},"locations":[{"start":{"line":68,"column":50},"end":{"line":68,"column":66}}]},"27":{"type":"branch","line":68,"loc":{"start":{"line":68,"column":62},"end":{"line":68,"column":69}},"locations":[{"start":{"line":68,"column":62},"end":{"line":68,"column":69}}]}},"b":{"0":[12],"1":[2],"2":[10],"3":[2],"4":[10],"5":[2],"6":[10],"7":[72],"8":[12],"9":[0],"10":[10],"11":[1],"12":[11],"13":[1],"14":[1],"15":[11],"16":[60],"17":[3],"18":[57],"19":[3],"20":[57],"21":[50],"22":[1],"23":[1],"24":[24],"25":[2],"26":[2],"27":[22]},"fnMap":{"0":{"name":"Sidebar","decl":{"start":{"line":17,"column":40},"end":{"line":90,"column":2}},"loc":{"start":{"line":17,"column":40},"end":{"line":90,"column":2}},"line":17},"1":{"name":"onToggle","decl":{"start":{"line":17,"column":73},"end":{"line":17,"column":83}},"loc":{"start":{"line":17,"column":73},"end":{"line":17,"column":83}},"line":17},"2":{"name":"onClick","decl":{"start":{"line":54,"column":27},"end":{"line":54,"column":65}},"loc":{"start":{"line":54,"column":27},"end":{"line":54,"column":65}},"line":54}},"f":{"0":12,"1":0,"2":1}}
,"C:\\Users\\rmeji\\Documents\\GitHub\\swim-school-scheduler\\src\\components\\StatCard.tsx": {"path":"C:\\Users\\rmeji\\Documents\\GitHub\\swim-school-scheduler\\src\\components\\StatCard.tsx","all":false,"statementMap":{"0":{"start":{"line":1,"column":0},"end":{"line":1,"column":26}},"13":{"start":{"line":14,"column":0},"end":{"line":14,"column":65}},"14":{"start":{"line":15,"column":0},"end":{"line":15,"column":10}},"15":{"start":{"line":16,"column":0},"end":{"line":16,"column":89}},"16":{"start":{"line":17,"column":0},"end":{"line":17,"column":58}},"17":{"start":{"line":18,"column":0},"end":{"line":18,"column":81}},"18":{"start":{"line":19,"column":0},"end":{"line":19,"column":10}},"20":{"start":{"line":21,"column":0},"end":{"line":21,"column":2}},"22":{"start":{"line":23,"column":0},"end":{"line":23,"column":36}}},"s":{"0":1,"13":1,"14":5,"15":5,"16":5,"17":5,"18":5,"20":5,"22":1},"branchMap":{"0":{"type":"branch","line":14,"loc":{"start":{"line":14,"column":42},"end":{"line":21,"column":2}},"locations":[{"start":{"line":14,"column":42},"end":{"line":21,"column":2}}]}},"b":{"0":[5]},"fnMap":{"0":{"name":"StatCard","decl":{"start":{"line":14,"column":42},"end":{"line":21,"column":2}},"loc":{"start":{"line":14,"column":42},"end":{"line":21,"column":2}},"line":14}},"f":{"0":5}}
,"C:\\Users\\rmeji\\Documents\\GitHub\\swim-school-scheduler\\src\\components\\TopNav.tsx": {"path":"C:\\Users\\rmeji\\Documents\\GitHub\\swim-school-scheduler\\src\\components\\TopNav.tsx","all":false,"statementMap":{"0":{"start":{"line":1,"column":0},"end":{"line":1,"column":26}},"10":{"start":{"line":11,"column":0},"end":{"line":11,"column":32}},"11":{"start":{"line":12,"column":0},"end":{"line":12,"column":10}},"12":{"start":{"line":13,"column":0},"end":{"line":13,"column":11}},"13":{"start":{"line":14,"column":0},"end":{"line":14,"column":19}},"14":{"start":{"line":15,"column":0},"end":{"line":15,"column":94}},"15":{"start":{"line":16,"column":0},"end":{"line":16,"column":26}},"17":{"start":{"line":18,"column":0},"end":{"line":18,"column":41}},"18":{"start":{"line":19,"column":0},"end":{"line":19,"column":12}},"19":{"start":{"line":20,"column":0},"end":{"line":20,"column":44}},"20":{"start":{"line":21,"column":0},"end":{"line":21,"column":39}},"21":{"start":{"line":22,"column":0},"end":{"line":22,"column":38}},"22":{"start":{"line":23,"column":0},"end":{"line":23,"column":10}},"23":{"start":{"line":24,"column":0},"end":{"line":24,"column":138}},"25":{"start":{"line":26,"column":0},"end":{"line":26,"column":15}},"26":{"start":{"line":27,"column":0},"end":{"line":27,"column":12}},"27":{"start":{"line":28,"column":0},"end":{"line":28,"column":47}},"28":{"start":{"line":29,"column":0},"end":{"line":29,"column":15}},"29":{"start":{"line":30,"column":0},"end":{"line":30,"column":169}},"30":{"start":{"line":31,"column":0},"end":{"line":31,"column":38}},"31":{"start":{"line":32,"column":0},"end":{"line":32,"column":9}},"33":{"start":{"line":34,"column":0},"end":{"line":34,"column":17}},"34":{"start":{"line":35,"column":0},"end":{"line":35,"column":15}},"35":{"start":{"line":36,"column":0},"end":{"line":36,"column":186}},"36":{"start":{"line":37,"column":0},"end":{"line":37,"column":36}},"38":{"start":{"line":39,"column":0},"end":{"line":39,"column":56}},"39":{"start":{"line":40,"column":0},"end":{"line":40,"column":124}},"40":{"start":{"line":41,"column":0},"end":{"line":41,"column":259}},"41":{"start":{"line":42,"column":0},"end":{"line":42,"column":16}},"42":{"start":{"line":43,"column":0},"end":{"line":43,"column":17}},"43":{"start":{"line":44,"column":0},"end":{"line":44,"column":12}},"44":{"start":{"line":45,"column":0},"end":{"line":45,"column":13}},"46":{"start":{"line":47,"column":0},"end":{"line":47,"column":2}},"48":{"start":{"line":49,"column":0},"end":{"line":49,"column":22}}},"s":{"0":1,"10":1,"11":16,"12":16,"13":16,"14":16,"15":16,"17":16,"18":16,"19":16,"20":16,"21":16,"22":16,"23":16,"25":16,"26":16,"27":16,"28":16,"29":16,"30":16,"31":16,"33":16,"34":16,"35":16,"36":16,"38":16,"39":16,"40":16,"41":16,"42":16,"43":16,"44":16,"46":16,"48":1},"branchMap":{"0":{"type":"branch","line":11,"loc":{"start":{"line":11,"column":25},"end":{"line":47,"column":2}},"locations":[{"start":{"line":11,"column":25},"end":{"line":47,"column":2}}]}},"b":{"0":[16]},"fnMap":{"0":{"name":"TopNav","decl":{"start":{"line":11,"column":25},"end":{"line":47,"column":2}},"loc":{"start":{"line":11,"column":25},"end":{"line":47,"column":2}},"line":11}},"f":{"0":16}}
,"C:\\Users\\rmeji\\Documents\\GitHub\\swim-school-scheduler\\src\\components\\WaveDivider.tsx": {"path":"C:\\Users\\rmeji\\Documents\\GitHub\\swim-school-scheduler\\src\\components\\WaveDivider.tsx","all":false,"statementMap":{"0":{"start":{"line":1,"column":0},"end":{"line":1,"column":26}},"6":{"start":{"line":7,"column":0},"end":{"line":7,"column":37}},"7":{"start":{"line":8,"column":0},"end":{"line":8,"column":10}},"8":{"start":{"line":9,"column":0},"end":{"line":9,"column":83}},"9":{"start":{"line":10,"column":0},"end":{"line":10,"column":92}},"10":{"start":{"line":11,"column":0},"end":{"line":11,"column":138}},"11":{"start":{"line":12,"column":0},"end":{"line":12,"column":12}},"12":{"start":{"line":13,"column":0},"end":{"line":13,"column":10}},"14":{"start":{"line":15,"column":0},"end":{"line":15,"column":2}},"16":{"start":{"line":17,"column":0},"end":{"line":17,"column":39}}},"s":{"0":1,"6":1,"7":4,"8":4,"9":4,"10":4,"11":4,"12":4,"14":4,"16":1},"branchMap":{"0":{"type":"branch","line":7,"loc":{"start":{"line":7,"column":30},"end":{"line":15,"column":2}},"locations":[{"start":{"line":7,"column":30},"end":{"line":15,"column":2}}]}},"b":{"0":[4]},"fnMap":{"0":{"name":"WaveDivider","decl":{"start":{"line":7,"column":30},"end":{"line":15,"column":2}},"loc":{"start":{"line":7,"column":30},"end":{"line":15,"column":2}},"line":7}},"f":{"0":4}}
,"C:\\Users\\rmeji\\Documents\\GitHub\\swim-school-scheduler\\src\\lib\\firebase.ts": {"path":"C:\\Users\\rmeji\\Documents\\GitHub\\swim-school-scheduler\\src\\lib\\firebase.ts","all":true,"statementMap":{"0":{"start":{"line":1,"column":0},"end":{"line":1,"column":45}},"1":{"start":{"line":2,"column":0},"end":{"line":2,"column":50}},"2":{"start":{"line":3,"column":0},"end":{"line":3,"column":79}},"4":{"start":{"line":5,"column":0},"end":{"line":5,"column":24}},"5":{"start":{"line":6,"column":0},"end":{"line":6,"column":48}},"6":{"start":{"line":7,"column":0},"end":{"line":7,"column":56}},"7":{"start":{"line":8,"column":0},"end":{"line":8,"column":54}},"8":{"start":{"line":9,"column":0},"end":{"line":9,"column":62}},"9":{"start":{"line":10,"column":0},"end":{"line":10,"column":71}},"10":{"start":{"line":11,"column":0},"end":{"line":11,"column":45}},"11":{"start":{"line":12,"column":0},"end":{"line":12,"column":2}},"13":{"start":{"line":14,"column":0},"end":{"line":14,"column":42}},"14":{"start":{"line":15,"column":0},"end":{"line":15,"column":36}},"15":{"start":{"line":16,"column":0},"end":{"line":16,"column":33}},"18":{"start":{"line":19,"column":0},"end":{"line":19,"column":36}},"19":{"start":{"line":20,"column":0},"end":{"line":20,"column":14}},"20":{"start":{"line":21,"column":0},"end":{"line":21,"column":44}},"21":{"start":{"line":22,"column":0},"end":{"line":22,"column":65}},"22":{"start":{"line":23,"column":0},"end":{"line":23,"column":7}},"23":{"start":{"line":24,"column":0},"end":{"line":24,"column":3}},"24":{"start":{"line":25,"column":0},"end":{"line":25,"column":3}}},"s":{"0":0,"1":0,"2":0,"4":0,"5":0,"6":0,"7":0,"8":0,"9":0,"10":0,"11":0,"13":0,"14":0,"15":0,"18":0,"19":0,"20":0,"21":0,"22":0,"23":0,"24":0},"branchMap":{"0":{"type":"branch","line":1,"loc":{"start":{"line":1,"column":945},"end":{"line":25,"column":3}},"locations":[{"start":{"line":1,"column":945},"end":{"line":25,"column":3}}]}},"b":{"0":[0]},"fnMap":{"0":{"name":"(empty-report)","decl":{"start":{"line":1,"column":945},"end":{"line":25,"column":3}},"loc":{"start":{"line":1,"column":945},"end":{"line":25,"column":3}},"line":1}},"f":{"0":0}}
,"C:\\Users\\rmeji\\Documents\\GitHub\\swim-school-scheduler\\src\\lib\\firestore.ts": {"path":"C:\\Users\\rmeji\\Documents\\GitHub\\swim-school-scheduler\\src\\lib\\firestore.ts","all":false,"statementMap":{"0":{"start":{"line":1,"column":0},"end":{"line":1,"column":8}},"8":{"start":{"line":9,"column":0},"end":{"line":9,"column":32}},"10":{"start":{"line":11,"column":0},"end":{"line":11,"column":78}},"19":{"start":{"line":20,"column":0},"end":{"line":20,"column":72}},"20":{"start":{"line":21,"column":0},"end":{"line":21,"column":43}},"21":{"start":{"line":22,"column":0},"end":{"line":22,"column":86}},"22":{"start":{"line":23,"column":0},"end":{"line":23,"column":85}},"23":{"start":{"line":24,"column":0},"end":{"line":24,"column":5}},"24":{"start":{"line":25,"column":0},"end":{"line":25,"column":1}},"27":{"start":{"line":28,"column":0},"end":{"line":28,"column":81}},"29":{"start":{"line":30,"column":0},"end":{"line":30,"column":78}},"31":{"start":{"line":32,"column":0},"end":{"line":32,"column":50}},"32":{"start":{"line":33,"column":0},"end":{"line":33,"column":79}},"33":{"start":{"line":34,"column":0},"end":{"line":34,"column":38}},"34":{"start":{"line":35,"column":0},"end":{"line":35,"column":3}},"35":{"start":{"line":36,"column":0},"end":{"line":36,"column":75}},"36":{"start":{"line":37,"column":0},"end":{"line":37,"column":62}},"37":{"start":{"line":38,"column":0},"end":{"line":38,"column":20}},"38":{"start":{"line":39,"column":0},"end":{"line":39,"column":31}},"39":{"start":{"line":40,"column":0},"end":{"line":40,"column":5}},"40":{"start":{"line":41,"column":0},"end":{"line":41,"column":19}},"41":{"start":{"line":42,"column":0},"end":{"line":42,"column":1}},"47":{"start":{"line":48,"column":0},"end":{"line":48,"column":63}},"48":{"start":{"line":49,"column":0},"end":{"line":49,"column":60}},"49":{"start":{"line":50,"column":0},"end":{"line":50,"column":73}},"50":{"start":{"line":51,"column":0},"end":{"line":51,"column":1}},"58":{"start":{"line":59,"column":0},"end":{"line":59,"column":73}},"59":{"start":{"line":60,"column":0},"end":{"line":60,"column":76}},"60":{"start":{"line":61,"column":0},"end":{"line":61,"column":58}},"61":{"start":{"line":62,"column":0},"end":{"line":62,"column":20}},"62":{"start":{"line":63,"column":0},"end":{"line":63,"column":22}},"63":{"start":{"line":64,"column":0},"end":{"line":64,"column":28}},"64":{"start":{"line":65,"column":0},"end":{"line":65,"column":31}},"65":{"start":{"line":66,"column":0},"end":{"line":66,"column":5}},"66":{"start":{"line":67,"column":0},"end":{"line":67,"column":19}},"67":{"start":{"line":68,"column":0},"end":{"line":68,"column":1}},"73":{"start":{"line":74,"column":0},"end":{"line":74,"column":55}},"74":{"start":{"line":75,"column":0},"end":{"line":75,"column":56}},"75":{"start":{"line":76,"column":0},"end":{"line":76,"column":69}},"76":{"start":{"line":77,"column":0},"end":{"line":77,"column":1}},"84":{"start":{"line":85,"column":0},"end":{"line":85,"column":149}},"85":{"start":{"line":86,"column":0},"end":{"line":86,"column":83}},"86":{"start":{"line":87,"column":0},"end":{"line":87,"column":80}},"87":{"start":{"line":88,"column":0},"end":{"line":88,"column":32}},"88":{"start":{"line":89,"column":0},"end":{"line":89,"column":74}},"89":{"start":{"line":90,"column":0},"end":{"line":90,"column":40}},"90":{"start":{"line":91,"column":0},"end":{"line":91,"column":5}},"91":{"start":{"line":92,"column":0},"end":{"line":92,"column":3}},"92":{"start":{"line":93,"column":0},"end":{"line":93,"column":63}},"93":{"start":{"line":94,"column":0},"end":{"line":94,"column":12}},"94":{"start":{"line":95,"column":0},"end":{"line":95,"column":28}},"95":{"start":{"line":96,"column":0},"end":{"line":96,"column":31}},"96":{"start":{"line":97,"column":0},"end":{"line":97,"column":24}},"97":{"start":{"line":98,"column":0},"end":{"line":98,"column":5}},"98":{"start":{"line":99,"column":0},"end":{"line":99,"column":19}},"99":{"start":{"line":100,"column":0},"end":{"line":100,"column":1}},"106":{"start":{"line":107,"column":0},"end":{"line":107,"column":83}},"107":{"start":{"line":108,"column":0},"end":{"line":108,"column":61}},"108":{"start":{"line":109,"column":0},"end":{"line":109,"column":79}},"109":{"start":{"line":110,"column":0},"end":{"line":110,"column":42}},"110":{"start":{"line":111,"column":0},"end":{"line":111,"column":1}},"118":{"start":{"line":119,"column":0},"end":{"line":119,"column":111}},"119":{"start":{"line":120,"column":0},"end":{"line":120,"column":61}},"120":{"start":{"line":121,"column":0},"end":{"line":121,"column":79}},"121":{"start":{"line":122,"column":0},"end":{"line":122,"column":77}},"122":{"start":{"line":123,"column":0},"end":{"line":123,"column":1}},"129":{"start":{"line":130,"column":0},"end":{"line":130,"column":68}},"130":{"start":{"line":131,"column":0},"end":{"line":131,"column":72}},"131":{"start":{"line":132,"column":0},"end":{"line":132,"column":1}},"138":{"start":{"line":139,"column":0},"end":{"line":139,"column":183}},"139":{"start":{"line":140,"column":0},"end":{"line":140,"column":27}},"140":{"start":{"line":141,"column":0},"end":{"line":141,"column":40}},"141":{"start":{"line":142,"column":0},"end":{"line":142,"column":46}},"142":{"start":{"line":143,"column":0},"end":{"line":143,"column":22}},"143":{"start":{"line":144,"column":0},"end":{"line":144,"column":38}},"144":{"start":{"line":145,"column":0},"end":{"line":145,"column":32}},"145":{"start":{"line":146,"column":0},"end":{"line":146,"column":34}},"146":{"start":{"line":147,"column":0},"end":{"line":147,"column":44}},"147":{"start":{"line":148,"column":0},"end":{"line":148,"column":6}},"148":{"start":{"line":149,"column":0},"end":{"line":149,"column":46}},"149":{"start":{"line":150,"column":0},"end":{"line":150,"column":17}},"150":{"start":{"line":151,"column":0},"end":{"line":151,"column":37}},"151":{"start":{"line":152,"column":0},"end":{"line":152,"column":3}},"152":{"start":{"line":153,"column":0},"end":{"line":153,"column":13}},"153":{"start":{"line":154,"column":0},"end":{"line":154,"column":1}}},"s":{"0":1,"8":1,"10":1,"19":0,"20":0,"21":0,"22":0,"23":0,"24":0,"27":1,"29":2,"31":2,"32":2,"33":0,"34":0,"35":2,"36":2,"37":2,"38":2,"39":2,"40":1,"41":1,"47":2,"48":2,"49":2,"50":2,"58":2,"59":2,"60":1,"61":1,"62":1,"63":2,"64":2,"65":2,"66":1,"67":1,"73":1,"74":1,"75":1,"76":1,"84":5,"85":5,"86":5,"87":5,"88":2,"89":1,"90":1,"91":2,"92":4,"93":4,"94":4,"95":4,"96":4,"97":4,"98":4,"99":4,"106":1,"107":1,"108":1,"109":1,"110":1,"118":6,"119":6,"120":6,"121":6,"122":6,"129":1,"130":1,"131":1,"138":1,"139":1,"140":1,"141":1,"142":3,"143":3,"144":3,"145":3,"146":3,"147":3,"148":3,"149":3,"150":3,"151":3,"152":1,"153":1},"branchMap":{"0":{"type":"branch","line":30,"loc":{"start":{"line":30,"column":0},"end":{"line":42,"column":1}},"locations":[{"start":{"line":30,"column":0},"end":{"line":42,"column":1}}]},"1":{"type":"branch","line":33,"loc":{"start":{"line":33,"column":78},"end":{"line":35,"column":3}},"locations":[{"start":{"line":33,"column":78},"end":{"line":35,"column":3}}]},"2":{"type":"branch","line":36,"loc":{"start":{"line":36,"column":42},"end":{"line":36,"column":75}},"locations":[{"start":{"line":36,"column":42},"end":{"line":36,"column":75}}]},"3":{"type":"branch","line":40,"loc":{"start":{"line":40,"column":3},"end":{"line":42,"column":1}},"locations":[{"start":{"line":40,"column":3},"end":{"line":42,"column":1}}]},"4":{"type":"branch","line":48,"loc":{"start":{"line":48,"column":0},"end":{"line":51,"column":1}},"locations":[{"start":{"line":48,"column":0},"end":{"line":51,"column":1}}]},"5":{"type":"branch","line":50,"loc":{"start":{"line":50,"column":23},"end":{"line":50,"column":55}},"locations":[{"start":{"line":50,"column":23},"end":{"line":50,"column":55}}]},"6":{"type":"branch","line":59,"loc":{"start":{"line":59,"column":0},"end":{"line":68,"column":1}},"locations":[{"start":{"line":59,"column":0},"end":{"line":68,"column":1}}]},"7":{"type":"branch","line":60,"loc":{"start":{"line":60,"column":12},"end":{"line":60,"column":33}},"locations":[{"start":{"line":60,"column":12},"end":{"line":60,"column":33}}]},"8":{"type":"branch","line":60,"loc":{"start":{"line":60,"column":33},"end":{"line":64,"column":25}},"locations":[{"start":{"line":60,"column":33},"end":{"line":64,"column":25}}]},"9":{"type":"branch","line":64,"loc":{"start":{"line":64,"column":16},"end":{"line":64,"column":28}},"locations":[{"start":{"line":64,"column":16},"end":{"line":64,"column":28}}]},"10":{"type":"branch","line":66,"loc":{"start":{"line":66,"column":3},"end":{"line":68,"column":1}},"locations":[{"start":{"line":66,"column":3},"end":{"line":68,"column":1}}]},"11":{"type":"branch","line":74,"loc":{"start":{"line":74,"column":0},"end":{"line":77,"column":1}},"locations":[{"start":{"line":74,"column":0},"end":{"line":77,"column":1}}]},"12":{"type":"branch","line":76,"loc":{"start":{"line":76,"column":23},"end":{"line":76,"column":55}},"locations":[{"start":{"line":76,"column":23},"end":{"line":76,"column":55}}]},"13":{"type":"branch","line":85,"loc":{"start":{"line":85,"column":0},"end":{"line":100,"column":1}},"locations":[{"start":{"line":85,"column":0},"end":{"line":100,"column":1}}]},"14":{"type":"branch","line":88,"loc":{"start":{"line":88,"column":31},"end":{"line":92,"column":3}},"locations":[{"start":{"line":88,"column":31},"end":{"line":92,"column":3}}]},"15":{"type":"branch","line":89,"loc":{"start":{"line":89,"column":73},"end":{"line":91,"column":5}},"locations":[{"start":{"line":89,"column":73},"end":{"line":91,"column":5}}]},"16":{"type":"branch","line":92,"loc":{"start":{"line":92,"column":2},"end":{"line":100,"column":1}},"locations":[{"start":{"line":92,"column":2},"end":{"line":100,"column":1}}]},"17":{"type":"branch","line":107,"loc":{"start":{"line":107,"column":0},"end":{"line":111,"column":1}},"locations":[{"start":{"line":107,"column":0},"end":{"line":111,"column":1}}]},"18":{"type":"branch","line":109,"loc":{"start":{"line":109,"column":28},"end":{"line":109,"column":60}},"locations":[{"start":{"line":109,"column":28},"end":{"line":109,"column":60}}]},"19":{"type":"branch","line":110,"loc":{"start":{"line":110,"column":20},"end":{"line":110,"column":40}},"locations":[{"start":{"line":110,"column":20},"end":{"line":110,"column":40}}]},"20":{"type":"branch","line":119,"loc":{"start":{"line":119,"column":0},"end":{"line":123,"column":1}},"locations":[{"start":{"line":119,"column":0},"end":{"line":123,"column":1}}]},"21":{"type":"branch","line":121,"loc":{"start":{"line":121,"column":28},"end":{"line":121,"column":60}},"locations":[{"start":{"line":121,"column":28},"end":{"line":121,"column":60}}]},"22":{"type":"branch","line":122,"loc":{"start":{"line":122,"column":20},"end":{"line":122,"column":75}},"locations":[{"start":{"line":122,"column":20},"end":{"line":122,"column":75}}]},"23":{"type":"branch","line":122,"loc":{"start":{"line":122,"column":44},"end":{"line":122,"column":75}},"locations":[{"start":{"line":122,"column":44},"end":{"line":122,"column":75}}]},"24":{"type":"branch","line":130,"loc":{"start":{"line":130,"column":0},"end":{"line":132,"column":1}},"locations":[{"start":{"line":130,"column":0},"end":{"line":132,"column":1}}]},"25":{"type":"branch","line":139,"loc":{"start":{"line":139,"column":0},"end":{"line":154,"column":1}},"locations":[{"start":{"line":139,"column":0},"end":{"line":154,"column":1}}]},"26":{"type":"branch","line":142,"loc":{"start":{"line":142,"column":45},"end":{"line":152,"column":3}},"locations":[{"start":{"line":142,"column":45},"end":{"line":152,"column":3}}]}},"b":{"0":[2],"1":[0],"2":[0],"3":[1],"4":[2],"5":[1],"6":[2],"7":[1],"8":[1],"9":[0],"10":[1],"11":[1],"12":[1],"13":[5],"14":[2],"15":[1],"16":[4],"17":[1],"18":[2],"19":[2],"20":[6],"21":[6],"22":[6],"23":[3],"24":[1],"25":[1],"26":[3]},"fnMap":{"0":{"name":"browserAddInstructor","decl":{"start":{"line":20,"column":0},"end":{"line":25,"column":1}},"loc":{"start":{"line":20,"column":0},"end":{"line":25,"column":1}},"line":20},"1":{"name":"addInstructor","decl":{"start":{"line":30,"column":0},"end":{"line":42,"column":1}},"loc":{"start":{"line":30,"column":0},"end":{"line":42,"column":1}},"li
[...]
,"C:\\Users\\rmeji\\Documents\\GitHub\\swim-school-scheduler\\src\\types\\index.ts": {"path":"C:\\Users\\rmeji\\Documents\\GitHub\\swim-school-scheduler\\src\\types\\index.ts","all":true,"statementMap":{},"s":{},"branchMap":{"0":{"type":"branch","line":1,"loc":{"start":{"line":1,"column":2750},"end":{"line":95,"column":1}},"locations":[{"start":{"line":1,"column":2750},"end":{"line":95,"column":1}}]}},"b":{"0":[1]},"fnMap":{"0":{"name":"(empty-report)","decl":{"start":{"line":1,"column":2750},"end":{"line":95,"column":1}},"loc":{"start":{"line":1,"column":2750},"end":{"line":95,"column":1}},"line":1}},"f":{"0":1}}
,"C:\\Users\\rmeji\\Documents\\GitHub\\swim-school-scheduler\\src\\utils\\timeSlots.ts": {"path":"C:\\Users\\rmeji\\Documents\\GitHub\\swim-school-scheduler\\src\\utils\\timeSlots.ts","all":false,"statementMap":{"11":{"start":{"line":12,"column":0},"end":{"line":12,"column":92}},"12":{"start":{"line":13,"column":0},"end":{"line":13,"column":29}},"13":{"start":{"line":14,"column":0},"end":{"line":14,"column":48}},"14":{"start":{"line":15,"column":0},"end":{"line":15,"column":46}},"15":{"start":{"line":16,"column":0},"end":{"line":16,"column":33}},"16":{"start":{"line":17,"column":0},"end":{"line":17,"column":29}},"17":{"start":{"line":18,"column":0},"end":{"line":18,"column":46}},"18":{"start":{"line":19,"column":0},"end":{"line":19,"column":66}},"19":{"start":{"line":20,"column":0},"end":{"line":20,"column":50}},"20":{"start":{"line":21,"column":0},"end":{"line":21,"column":24}},"21":{"start":{"line":22,"column":0},"end":{"line":22,"column":84}},"22":{"start":{"line":23,"column":0},"end":{"line":23,"column":3}},"23":{"start":{"line":24,"column":0},"end":{"line":24,"column":15}},"24":{"start":{"line":25,"column":0},"end":{"line":25,"column":1}},"37":{"start":{"line":38,"column":0},"end":{"line":38,"column":122}},"38":{"start":{"line":39,"column":0},"end":{"line":39,"column":31}},"39":{"start":{"line":40,"column":0},"end":{"line":40,"column":30}},"40":{"start":{"line":41,"column":0},"end":{"line":41,"column":58}},"41":{"start":{"line":42,"column":0},"end":{"line":42,"column":6}},"42":{"start":{"line":43,"column":0},"end":{"line":43,"column":5}},"43":{"start":{"line":44,"column":0},"end":{"line":44,"column":1}},"60":{"start":{"line":61,"column":0},"end":{"line":61,"column":119}},"61":{"start":{"line":62,"column":0},"end":{"line":62,"column":33}},"62":{"start":{"line":63,"column":0},"end":{"line":63,"column":44}},"63":{"start":{"line":64,"column":0},"end":{"line":64,"column":22}},"64":{"start":{"line":65,"column":0},"end":{"line":65,"column":4}},"65":{"start":{"line":66,"column":0},"end":{"line":66,"column":28}},"66":{"start":{"line":67,"column":0},"end":{"line":67,"column":35}},"67":{"start":{"line":68,"column":0},"end":{"line":68,"column":28}},"68":{"start":{"line":69,"column":0},"end":{"line":69,"column":26}},"71":{"start":{"line":72,"column":0},"end":{"line":72,"column":81}},"72":{"start":{"line":73,"column":0},"end":{"line":73,"column":35}},"75":{"start":{"line":76,"column":0},"end":{"line":76,"column":82}},"76":{"start":{"line":77,"column":0},"end":{"line":77,"column":33}},"77":{"start":{"line":78,"column":0},"end":{"line":78,"column":33}},"80":{"start":{"line":81,"column":0},"end":{"line":81,"column":41}},"81":{"start":{"line":82,"column":0},"end":{"line":82,"column":43}},"82":{"start":{"line":83,"column":0},"end":{"line":83,"column":59}},"83":{"start":{"line":84,"column":0},"end":{"line":84,"column":5}},"84":{"start":{"line":85,"column":0},"end":{"line":85,"column":3}},"85":{"start":{"line":86,"column":0},"end":{"line":86,"column":15}},"86":{"start":{"line":87,"column":0},"end":{"line":87,"column":1}},"97":{"start":{"line":98,"column":0},"end":{"line":98,"column":57}},"98":{"start":{"line":99,"column":0},"end":{"line":99,"column":45}},"99":{"start":{"line":100,"column":0},"end":{"line":100,"column":70}},"100":{"start":{"line":101,"column":0},"end":{"line":101,"column":42}},"101":{"start":{"line":102,"column":0},"end":{"line":102,"column":36}},"102":{"start":{"line":103,"column":0},"end":{"line":103,"column":60}},"103":{"start":{"line":104,"column":0},"end":{"line":104,"column":1}},"116":{"start":{"line":117,"column":0},"end":{"line":117,"column":91}},"117":{"start":{"line":118,"column":0},"end":{"line":118,"column":25}},"118":{"start":{"line":119,"column":0},"end":{"line":119,"column":32}},"119":{"start":{"line":120,"column":0},"end":{"line":120,"column":28}},"120":{"start":{"line":121,"column":0},"end":{"line":121,"column":30}},"121":{"start":{"line":122,"column":0},"end":{"line":122,"column":26}},"122":{"start":{"line":123,"column":0},"end":{"line":123,"column":47}},"123":{"start":{"line":124,"column":0},"end":{"line":124,"column":48}},"124":{"start":{"line":125,"column":0},"end":{"line":125,"column":32}},"125":{"start":{"line":126,"column":0},"end":{"line":126,"column":31}},"126":{"start":{"line":127,"column":0},"end":{"line":127,"column":49}},"127":{"start":{"line":128,"column":0},"end":{"line":128,"column":47}},"128":{"start":{"line":129,"column":0},"end":{"line":129,"column":1}},"140":{"start":{"line":141,"column":0},"end":{"line":141,"column":53}},"141":{"start":{"line":142,"column":0},"end":{"line":142,"column":45}},"142":{"start":{"line":143,"column":0},"end":{"line":143,"column":6}},"143":{"start":{"line":144,"column":0},"end":{"line":144,"column":53}},"144":{"start":{"line":145,"column":0},"end":{"line":145,"column":62}},"145":{"start":{"line":146,"column":0},"end":{"line":146,"column":43}},"146":{"start":{"line":147,"column":0},"end":{"line":147,"column":23}},"147":{"start":{"line":148,"column":0},"end":{"line":148,"column":25}},"148":{"start":{"line":149,"column":0},"end":{"line":149,"column":11}},"149":{"start":{"line":150,"column":0},"end":{"line":150,"column":1}},"161":{"start":{"line":162,"column":0},"end":{"line":162,"column":94}},"162":{"start":{"line":163,"column":0},"end":{"line":163,"column":29}},"163":{"start":{"line":164,"column":0},"end":{"line":164,"column":48}},"164":{"start":{"line":165,"column":0},"end":{"line":165,"column":46}},"165":{"start":{"line":166,"column":0},"end":{"line":166,"column":33}},"166":{"start":{"line":167,"column":0},"end":{"line":167,"column":31}},"167":{"start":{"line":168,"column":0},"end":{"line":168,"column":59}},"168":{"start":{"line":169,"column":0},"end":{"line":169,"column":50}},"169":{"start":{"line":170,"column":0},"end":{"line":170,"column":24}},"170":{"start":{"line":171,"column":0},"end":{"line":171,"column":84}},"171":{"start":{"line":172,"column":0},"end":{"line":172,"column":3}},"172":{"start":{"line":173,"column":0},"end":{"line":173,"column":15}},"173":{"start":{"line":174,"column":0},"end":{"line":174,"column":1}},"189":{"start":{"line":190,"column":0},"end":{"line":190,"column":83}},"190":{"start":{"line":191,"column":0},"end":{"line":191,"column":30}},"191":{"start":{"line":192,"column":0},"end":{"line":192,"column":46}},"192":{"start":{"line":193,"column":0},"end":{"line":193,"column":24}},"193":{"start":{"line":194,"column":0},"end":{"line":194,"column":40}},"194":{"start":{"line":195,"column":0},"end":{"line":195,"column":55}},"195":{"start":{"line":196,"column":0},"end":{"line":196,"column":29}},"196":{"start":{"line":197,"column":0},"end":{"line":197,"column":95}},"197":{"start":{"line":198,"column":0},"end":{"line":198,"column":15}},"198":{"start":{"line":199,"column":0},"end":{"line":199,"column":3}},"199":{"start":{"line":200,"column":0},"end":{"line":200,"column":16}},"200":{"start":{"line":201,"column":0},"end":{"line":201,"column":1}},"212":{"start":{"line":213,"column":0},"end":{"line":213,"column":83}},"213":{"start":{"line":214,"column":0},"end":{"line":214,"column":56}},"214":{"start":{"line":215,"column":0},"end":{"line":215,"column":1}},"226":{"start":{"line":227,"column":0},"end":{"line":227,"column":110}},"227":{"start":{"line":228,"column":0},"end":{"line":228,"column":73}},"228":{"start":{"line":229,"column":0},"end":{"line":229,"column":1}}},"s":{"11":1,"12":4,"13":4,"14":4,"15":4,"16":4,"17":4,"18":4,"19":64,"20":64,"21":64,"22":64,"23":4,"24":4,"37":1,"38":2,"39":10,"40":8,"41":10,"42":2,"43":2,"60":1,"61":8,"62":32,"63":32,"64":32,"65":8,"66":8,"67":8,"68":8,"71":8,"72":8,"75":8,"76":8,"77":8,"80":8,"81":8,"82":8,"83":8,"84":6,"85":6,"86":6,"97":1,"98":4,"99":4,"100":4,"101":4,"102":4,"103":4,"116":1,"117":3,"118":3,"119":1,"120":1,"121":1,"122":1,"123":1,"124":1,"125":1,"126":3,"127":1,"128":3,"140":1,"141":3,"142":3,"143":3,"144":3,"145":3,"146":1,"147":1,"148":1,"149":1,"161":1,"162":2,"163":2,"164":2,"165":2,"166":2,"167":2,"168":41,"169":41,"170":41,"171":41,"172":2,"173":2,"189":1,"190":14,"191":14,"192":14,"193":14,"194":22,"195":22,"196":22,"197":22,"198":22,"199":14,"200":14,"212":1,"213":9,"214":9,"226":1,"227":4,"228":4},"branchMap":{"0":{"type":"branch","line":12,"loc":{"start":{"line":12,"column":7},"end":{"line":25,"column":1}},"locations":[{"start":{"line":12,"column":7},"end":{"line":25,"column":1}}]},"1":{"type":"branch","line":18,"loc":{"start":{"line":18,"column":27},"end":{"line":18,"column":46}},"locations":[{"start":{"line":18,"column":27},"end":{"line":18,"column":46}}]},"2":{"type":"branch","line":19,"loc":{"start":{"line":19,"column":65},"end":{"line":23,"column":3}},"locations":[{"start":{"line":19,"column":65},"end":{"line":23,"column":3}}]},"3":{"type":"branch","line":38,"loc":{"start":{"line":38,"column":7},"end":{"line":44,"column":1}},"locations":[{"start":{"line":38,"column":7},"end":{"line":44,"column":1}}]},"4":{"type":"branch","line":39,"loc":{"start":{"line":39,"column":22},"end":{"line":43,"column":3}},"locations":[{"start":{"line":39,"column":22},"end":{"line":43,"column":3}}]},"5":{"type":"branch","line":40,"loc":{"start":{"line":40,"column":26},"end":{"line":41,"column":58}},"locations":[{"start":{"line":40,"column":26},"end":{"line":41,"column":58}}]},"6":{"type":"branch","line":61,"loc":{"start":{"line":61,"column":7},"end":{"line":87,"column":1}},"locations":[{"start":{"line":61,"column":7},"end":{"line":87,"column":1}}]},"7":{"type":"branch","line":83,"loc":{"start":{"line":83,"column":47},"end":{"line":83,"column":59}},"locations":[{"start":{"line":83,"column":47},"end":{"line":83,"column":59}}]},"8":{"type":"branch","line":84,"loc":{"start":{"line":84,"column":4},"end":{"line":87,"column":1}},"locations":[{"start":{"line":84,"column":4},"end":{"line":87,"column":1}}]},"9":{"type":"branch","line":62,"loc":{"start":{"line":62,"column":17},"end":{"line":65,"column":4}},"locations":[{"start":{"line":62,"column":17},"end":{"line":65,"column":4}}]},"10":{"type":"branch","line":72,"loc":{"start":{"line":72,"column":18},"end":{"line":73,"column":35}},"locations":[{"start":{"line":72,"column":18},"end":{"line":73,"column":35}}]},"11":{"type":"branch","line":73,"loc":{"start":{"line":73,"column":13},"end":{"line":73,"column":35}},"locations":[{"start":{"line":73,"column":13},"end":{"line":73,"column":35}}]},"12":{"type":"branch","line":76,"loc":{"start":{"line":76,"column":17},"end":{"line":76,"column":82}},"locations":[{"start":{"line":76,"column":17},"end":{"line":76,"column":82}}]},"13":{"type":"branch","line":76,"loc":{"start":{"line":76,"column":47},"end":{"line":76,"column":73}},"locations":[{"start":{"line":76,"column":47},"end":{"line":76,"column":73}}]},"14":{"type":"branch","line":98,"loc":{"start":{"line":98,"column":7},"end":{"line":104,"column":1}},"locations":[{"start":{"line":98,"column":7},"end":{"line":104,"column":1}}]},"15":{"type":"branch","line":100,"loc":{"start":{"line":100,"column":34},"end":{"line":100,"column":48}},"locations":[{"start":{"line":100,"column":34},"end":{"line":100,"column":48}}]},"16":{"type":"branch","line":100,"loc":{"start":{"line":100,"column":48},"end":{"line":100,"column":70}},"locations":[{"start":{"line":100,"column":48},"end":{"line":100,"column":70}}]},"17":{"type":"branch","line":100,"loc":{"start":{"line":100,"column":55},"end":{"line":101,"column":30}},"locations":[{"start":{"line":100,"column":55},"end":{"line":101,"column":30}}]},"18":{"type":"branch","line":101,"loc":{"start":{"line":101,"column":26},"end":{"line":101,"column":35}},"locations":[{"start":{"line":101,"column":26},"end":{"line":101,"column":35}}]},"19":{"type":"branch","line":101,"loc":{"start":{"line":101,"column":30},"end":{"line":101,"column":42}},"locations":[{"start":{"line":101,"column":30},"end":{"line":101,"column":42}}]},"20":{"type":"branch","line":102,"loc":{"start":{"line":102,"column":19},"end":{"line":102,"column":31}},"locations":[{"start":{"line":102,"column":19},"end":{"line":102,"column":31}}]},"21":{"type":"branch","line":102,"loc":{"start":{"line":102,"column":24},"end":{"line":102,"column":36}},"locations":[{"start":{"line":102,"column":24},"end":{"line":102,"column":36}}]},"22":{"type":"branch","line":117,"loc":{"start":{"line":117,"column":7},"end":{"line":129,"column":1}},"locations":[{"start":{"line":117,"column":7},"end":{"line":129,"column":1}}]},"23":{"type":"branch","line":119,"loc":{"start":{"line":119,"column":19},"end":{"line":119,"column":32}},"locations":[{"start":{"line":119,"column":19},"end":{"line":119,"column":32}}]},"24":{"type":"branch","line":119,"loc":{"start":{"line":119,"column":26},"end":{"line":127,"column":41}},"locations":[{"start":{"line":119,"column":26},"end":{"line":127,"column":41}}]},"25":{"type":"branch","line":127,"loc":{"start":{"line":127,"column":28},"end":{"line":127,"column":49}},"locations":[{"start":{"line":127,"column":28},"end":{"line":127,"column":49}}]},"26":{"type":"branch","line":127,"loc":{"start":{"line":127,"column":46},"end":{"line":128,"column":47}},"locations":[{"start":{"line":127,"column":46},"end":{"line":128,"column":47}}]},"27":{"type":"branch","line":141,"loc":{"start":{"line":141,"column":7},"end":{"line":150,"column":1}},"locations":[{"start":{"line":141,"column":7},"end":{"line":150,"column":1}}]},"28":{"type":"branch","line":144,"loc":{"start":{"line":144,"column":42},"end":{"line":145,"column":16}},"locations":[{"start":{"line":144,"column":42},"end":{"line":145,"column":16}}]},"29":{"type":"branch","line":145,"loc":{"start":{"line":145,"column":11},"end":{"line":145,"column":28}},"locations":[{"start":{"line":145,"column":11},"end":{"line":145,"column":28}}]},"30":{"type":"branch","line":145,"loc":{"start":{"line":145,"column":23},"end":{"line":145,"column":37}},"locations":[{"start":{"line":145,"column":23},"end":{"line":145,"column":37}}]},"31":{"type":"branch","line":145,"loc":{"start":{"line":145,"column":32},"end":{"line":145,"column":47}},"locations":[{"start":{"line":145,"column":32},"end":{"line":145,"column":47}}]},"32":{"type":"branch","line":145,"loc":{"start":{"line":145,"column":41},"end":{"line":145,"column":56}},"locations":[{"start":{"line":145,"column":41},"end":{"line":145,"column":56}}]},"33":{"type":"branch","line":145,"loc":{"start":{"line":145,"column":51},"end":{"line":145,"column":62}},"locations":[{"start":{"line":145,"column":51},"end":{"line":145,"column":62}}]},"34":{"type":"branch","line":146,"loc":{"start":{"line":146,"column":4},"end":{"line":146,"column":43}},"locations":[{"start":{"line":146,"column":4},"end":{"line":146,"column":43}}]},"35":{"type":"branch","line":146,"loc":{"start":{"line":146,"column":41},"end":{"line":150,"column":1}},"locations":[{"start":{"line":146,"column":41},"end":{"line":150,"column":1}}]},"36":{"type":"branch","line":162,"loc":{"start":{"line":162,"column":7},"end":{"line":174,"column":1}},"locations":[{"start":{"line":162,"column":7},"end":{"line":174,"column":1}}]},"37":{"type":"branch","line":168,"loc":{"start":{"line":168,"column":58},"end":{"line":172,"column":3}},"locations":[{"start":{"line":168,"column":58},"end":{"line":172,"column":3}}]},"38":{"type":"branch","line":190,"loc":{"start":{"line":190,"column":7},"end":{"line":201,"column":1}},"locations":[{"start":{"line":190,"column":7},"end":{"line":201,"column":1}}]},"39":{"type":"branch","line":194,"loc":{"start":{"line":194,"column":39},"end":{"line":199,"column":3}},"locations":[{"start":{"line":194,"column":39},"end":{"line":199,"column":3}}]},"40":{"type":"branch","line":213,"loc":{"start":{"line":213,"column":7},"end":{"line":215,"column":1}},"locations":[{"start":{"line":213,"column":7},"end":{"line":215,"column":1}}]},"41":{"type":"branch","line":214,"loc":{"start":{"line":214,"column":22},"end":{"line":214,"column":54}},"locations":[{"start":{"line":214,"column":22},"end":{"line":214,"column":54}}]},"42":{"type":"branch","line":227,"loc":{"start":{"line":227,"column":7},"end":{"line":229,"column":1}},"locations":[{"start":{"line":227,"column":7},"end":{"line":229,"column":1}}]},"43":{"type":"branch","line":228,"loc":{"start":{"line":228,"column":31},"end":{"line":228,"column":71}},"locations":[{"start":{"line":228,"column":31},"end":{"line":228,"column":71}}]}},"b":{"0":[4],"1":[1],"2":[64],"3":[2],"4":[10],"5":[8],"6":[8],"7":[2],"8":[6],"9":[32],"10":[8],"11":[5],"12":[16],"13":[0],"14":[4],"15":[3],"16":[1],"17":[3],"18":[2],"19":[1],"20":[1],"21":[2],"22":[3],"23":[2],"24":[1],"25":[0],"26":[1],"27":[3],"28":[2],"29":[2],"30":[2],"31":[2],"32":[1],"33":[1],"34":[2],"35":[1],"36":[2],"37":[41],"38":[14],"39":[22],"40":[9],"41":[17],"42":[4],"43":[5]},"fnMap":{"0":{"name":"generateTimeSlots","decl":{"start":{"line":12,"column":7},"end":{"line":25,"column":1}},"loc":{"start":{"line":12,"column":7},"end":{"line":25,"column":1}},"line":12},"1":{"name":"getAvailableSlots","decl":{"start":{"line":38,"column":7},"end":{"line":44,"column":1}},"loc":{"start":{"line":38,"column":7},"end":{"line":44,"column":1}},"line":38},"2":{"name":"checkTimeOverlap","decl":{"start":{"line":61,"column":7},"end":{"line":87,"column":1}},"loc":{"start":{"line":61,"column":7},"end":{"line":87,"column":1}},"line":61},"3":{"name":"toMins","decl":{"start":{"line":62,"column":17},"end":{"line":65,"column":4}},"loc":{"start":{"line":62,"column":17},"end":{"line":65,"column":4}},"line":62},"4":{"name":"overlap","decl":{"start":{"line":72,"column":18},"end":{"line":73,"column":35}},"loc":{"start":{"line":72,"column":18},"end":{"line":73,"column":35}},"line":72},"5":{"name":"ranges","decl":{"start":{"line":76,"column":17},"end":{"line":76,"column":82}},"loc":{"start":{"line":76,"column":17},"end":{"line":76,"column":82}},"line":76},"6":{"name":"formatTimeDisplay","decl":{"start":{"line":98,"column":7},"end":{"line":104,"column":1}},"loc":{"start":{"line":98,"column":7},"end":{"line":104,"column":1}},"line":98},"7":{"name":"validateAppointmentTime","decl":{"start":{"line":117,"column":7},"end":{"line":129,"column":1}},"loc":{"start":{"line":117,"column":7},"end":{"line":129,"column":1}},"line":117},"8":{"name":"parseTimeString","decl":{"start":{"line":141,"column":7},"end":{"line":150,"column":1}},"loc":{"start":{"line":141,"column":7},"end":{"line":150,"column":1}},"line":141},"9":{"name":"generateBlockSlots","decl":{"start":{"line":162,"column":7},"end":{"line":174,"column":1}},"loc":{"start":{"line":162,"column":7},"end":{"line":174,"column":1}},"line":162},"10":{"name":"getAppointmentBlocks","decl":{"start":{"line":190,"column":7},"end":{"line":201,"column":1}},"loc":{"start":{"line":190,"column":7},"end":{"line":201,"column":1}},"line":190},"11":{"name":"checkBlockConflict","decl":{"start":{"line":213,"column":7},"end":{"line":215,"column":1}},"loc":{"start":{"line":213,"column":7},"end":{"line":215,"column":1}},"line":213},"12":{"name":"validateInstructorAvailability","decl":{"start":{"line":227,"column":7},"end":{"line":229,"column":1}},"loc":{"start":{"line":227,"column":7},"end":{"line":229,"column":1}},"line":227}},"f":{"0":4,"1":2,"2":8,"3":32,"4":8,"5":16,"6":4,"7":3,"8":3,"9":2,"10":14,"11":9,"12":4}}
}
